2017-08-22 14:36:26,325 [INFO ] o.s.web.context.ContextLoader - Root WebApplicationContext: initialization started
2017-08-22 14:36:26,392 [INFO ] o.s.w.c.s.XmlWebApplicationContext - Refreshing Root WebApplicationContext: startup date [Tue Aug 22 14:36:26 CST 2017]; root of context hierarchy
2017-08-22 14:36:26,420 [INFO ] o.s.b.f.xml.XmlBeanDefinitionReader - Loading XML bean definitions from class path resource [META-INF/gold-facade-backend-context.xml]
2017-08-22 14:36:26,557 [INFO ] o.s.b.f.xml.XmlBeanDefinitionReader - Loading XML bean definitions from class path resource [META-INF/gold-facade-backend-import-context.xml]
2017-08-22 14:36:26,666 [INFO ] o.s.b.f.xml.XmlBeanDefinitionReader - Loading XML bean definitions from class path resource [META-INF/gold-facade-backend-dao-context.xml]
2017-08-22 14:36:26,693 [INFO ] o.s.b.f.xml.XmlBeanDefinitionReader - Loading XML bean definitions from class path resource [META-INF/gold-facade-backend-business-context.xml]
2017-08-22 14:36:26,815 [INFO ] o.s.c.s.PropertySourcesPlaceholderConfigurer - Loading properties file from class path resource [META-INF/application.properties]
2017-08-22 14:36:26,816 [INFO ] o.s.c.s.PropertySourcesPlaceholderConfigurer - Loading properties file from class path resource [META-INF/application.develop.properties]
2017-08-22 14:36:26,816 [INFO ] o.s.c.s.PropertySourcesPlaceholderConfigurer - Loading properties file from class path resource [META-INF/application.local.properties]
2017-08-22 14:36:26,817 [WARN ] o.s.c.s.PropertySourcesPlaceholderConfigurer - Could not load properties from class path resource [META-INF/application.local.properties]: class path resource [META-INF/application.local.properties] cannot be opened because it does not exist
2017-08-22 14:36:26,821 [INFO ] o.s.c.s.PropertySourcesPlaceholderConfigurer - Loading properties file from URL [file:/D:/117bao/branches/7Bao-project/backend/target/classes/META-INF/application.mybatis.properties]
2017-08-22 14:36:26,856 [INFO ] o.s.b.f.s.DefaultListableBeanFactory - Pre-instantiating singletons in org.springframework.beans.factory.support.DefaultListableBeanFactory@4a901c56: defining beans [org.springframework.context.annotation.internalConfigurationAnnotationProcessor,org.springframework.context.annotation.internalAutowiredAnnotationProcessor,org.springframework.context.annotation.internalRequiredAnnotationProcessor,org.springframework.context.annotation.internalCommonAnnotationProcessor,org.springframework.context.annotation.internalPersistenceAnnotationProcessor,org.springframework.aop.config.internalAutoProxyCreator,org.springframework.aop.framework.autoproxy.DefaultAdvisorAutoProxyCreator#0,org.springframework.context.support.PropertySourcesPlaceholderConfigurer#0,loginAction,mainAction,sevenBaoAccountAction,sevenBaoLogDataAction,userAction,usersGameAction,authenticationInterceptor,mainStationKeyRedisDAOImpl,authOutInterceptor,logManagerImpl,logDBDAOImpl,eucpMobileMsgImpl,aliPayServiceImpl,userInfoServiceImpl,gameUserManagerImpl,accountManagerImpl,authenticationImpl,sessionManagerImpl,sevenBaoAccountManagerImpl,userInfoManagerImpl,usersGameManagerImpl,sevenBaoAccountDBDAOImpl,userInfoDBDAOImpl,usersGameDBDAOImpl,sevenBaoAccountRedisDAOImpl,userInfoRedisDAOImpl,FundManagerImpl,SevenBaoLogDataManagerImpl,SevenBaoLogDataDBDAOImpl,systemConfigDaoImpl,zbaoFundDetailDBDAO,ZbaoPauOrderDAOImpl,ZbaoTransferDAOImpl,zbaoWithdrawalsDBDAO,zbaoPayOrderRedisDaoImpl,org.springframework.transaction.annotation.AnnotationTransactionAttributeSource#0,org.springframework.transaction.interceptor.TransactionInterceptor#0,org.springframework.transaction.config.internalTransactionAdvisor,org.springframework.context.support.PropertySourcesPlaceholderConfigurer#1,transactionManager,sqlSessionFactory,userJedisFactory,userRedisTemplate,dataSource,org.springframework.context.annotation.ConfigurationClassPostProcessor$ImportAwareBeanPostProcessor#0]; root of factory hierarchy
2017-08-22 14:36:27,022 [INFO ] c.w.c.f.s.d.m.p.OffsetLimitInterceptor - MyBatis OffsetLimitInterceptor Dialect is com.wzitech.chaos.framework.server.dataaccess.dialect.PostgreSQLDialect
2017-08-22 14:36:27,382 [INFO ] o.s.web.context.ContextLoader - Root WebApplicationContext: initialization completed in 1027 ms
2017-08-22 14:36:27,497 [INFO ] c.o.x.c.p.XmlConfigurationProvider - Parsing configuration file [struts-default.xml]
2017-08-22 14:36:27,537 [INFO ] c.o.x.c.p.XmlConfigurationProvider - Parsing configuration file [struts-plugin.xml]
2017-08-22 14:36:27,545 [INFO ] c.o.x.c.p.XmlConfigurationProvider - Parsing configuration file [struts.xml]
2017-08-22 14:36:27,548 [INFO ] o.a.s.config.BeanSelectionProvider - Choosing bean (spring) for (com.opensymphony.xwork2.ObjectFactory)
2017-08-22 14:36:27,548 [INFO ] o.a.s.config.BeanSelectionProvider - Choosing bean (struts) for (com.opensymphony.xwork2.FileManager)
2017-08-22 14:36:27,548 [INFO ] o.a.s.config.BeanSelectionProvider - Choosing bean (struts) for (com.opensymphony.xwork2.conversion.impl.XWorkConverter)
2017-08-22 14:36:27,548 [INFO ] o.a.s.config.BeanSelectionProvider - Choosing bean (struts) for (com.opensymphony.xwork2.TextProvider)
2017-08-22 14:36:27,548 [INFO ] o.a.s.config.BeanSelectionProvider - Choosing bean (struts) for (com.opensymphony.xwork2.ActionProxyFactory)
2017-08-22 14:36:27,548 [INFO ] o.a.s.config.BeanSelectionProvider - Choosing bean (struts) for (com.opensymphony.xwork2.conversion.ObjectTypeDeterminer)
2017-08-22 14:36:27,548 [INFO ] o.a.s.config.BeanSelectionProvider - Choosing bean (struts) for (org.apache.struts2.dispatcher.mapper.ActionMapper)
2017-08-22 14:36:27,548 [INFO ] o.a.s.config.BeanSelectionProvider - Choosing bean (jakarta) for (org.apache.struts2.dispatcher.multipart.MultiPartRequest)
2017-08-22 14:36:27,548 [INFO ] o.a.s.config.BeanSelectionProvider - Choosing bean (struts) for (org.apache.struts2.views.freemarker.FreemarkerManager)
2017-08-22 14:36:27,549 [INFO ] o.a.s.config.BeanSelectionProvider - Choosing bean (struts) for (org.apache.struts2.components.UrlRenderer)
2017-08-22 14:36:27,549 [INFO ] o.a.s.config.BeanSelectionProvider - Choosing bean (struts) for (com.opensymphony.xwork2.validator.ActionValidatorManager)
2017-08-22 14:36:27,549 [INFO ] o.a.s.config.BeanSelectionProvider - Choosing bean (struts) for (com.opensymphony.xwork2.util.ValueStackFactory)
2017-08-22 14:36:27,549 [INFO ] o.a.s.config.BeanSelectionProvider - Choosing bean (struts) for (com.opensymphony.xwork2.util.reflection.ReflectionProvider)
2017-08-22 14:36:27,549 [INFO ] o.a.s.config.BeanSelectionProvider - Choosing bean (struts) for (com.opensymphony.xwork2.util.reflection.ReflectionContextFactory)
2017-08-22 14:36:27,549 [INFO ] o.a.s.config.BeanSelectionProvider - Choosing bean (struts) for (com.opensymphony.xwork2.util.PatternMatcher)
2017-08-22 14:36:27,549 [INFO ] o.a.s.config.BeanSelectionProvider - Choosing bean (struts) for (org.apache.struts2.dispatcher.StaticContentLoader)
2017-08-22 14:36:27,549 [INFO ] o.a.s.config.BeanSelectionProvider - Choosing bean (struts) for (com.opensymphony.xwork2.UnknownHandlerManager)
2017-08-22 14:36:27,549 [INFO ] o.a.s.config.BeanSelectionProvider - Choosing bean (struts) for (org.apache.struts2.views.util.UrlHelper)
2017-08-22 14:36:27,551 [INFO ] o.a.s.config.BeanSelectionProvider - Loading global messages from i18n/framework-messages
2017-08-22 14:36:27,558 [INFO ] o.a.s.s.StrutsSpringObjectFactory - Initializing Struts-Spring integration...
2017-08-22 14:36:27,558 [INFO ] c.o.x.spring.SpringObjectFactory - Setting autowire strategy to name
2017-08-22 14:36:27,559 [INFO ] o.a.s.s.StrutsSpringObjectFactory - ... initialized Struts-Spring integration successfully
2017-08-22 14:36:37,637 [INFO ] c.w.Z.b.action.extjs.AbstractAction - 登录ip:0:0:0:0:0:0:0:1,用户名：cxy@5173.com
