2017-08-08 15:20:53,120 [INFO ] o.s.web.context.ContextLoader - Root WebApplicationContext: initialization started
2017-08-08 15:20:53,216 [INFO ] o.s.w.c.s.XmlWebApplicationContext - Refreshing Root WebApplicationContext: startup date [Tue Aug 08 15:20:53 CST 2017]; root of context hierarchy
2017-08-08 15:20:53,258 [INFO ] o.s.b.f.xml.XmlBeanDefinitionReader - Loading XML bean definitions from class path resource [META-INF/gold-facade-frontend-context.xml]
2017-08-08 15:20:53,378 [INFO ] o.s.b.f.xml.XmlBeanDefinitionReader - Loading XML bean definitions from class path resource [META-INF/gold-facade-frontend-import-context.xml]
2017-08-08 15:20:53,501 [INFO ] o.s.b.f.xml.XmlBeanDefinitionReader - Loading XML bean definitions from class path resource [META-INF/gold-facade-frontend-dao-context.xml]
2017-08-08 15:20:53,533 [INFO ] o.s.b.f.xml.XmlBeanDefinitionReader - Loading XML bean definitions from class path resource [META-INF/gold-facade-frontend-business-context.xml]
2017-08-08 15:20:53,557 [INFO ] o.s.b.f.xml.XmlBeanDefinitionReader - Loading XML bean definitions from class path resource [META-INF/gold-facade-frontend-service-context.xml]
2017-08-08 15:20:53,568 [INFO ] o.s.b.f.xml.XmlBeanDefinitionReader - Loading XML bean definitions from class path resource [META-INF/cxf/cxf.xml]
2017-08-08 15:20:53,854 [INFO ] o.s.c.s.PropertySourcesPlaceholderConfigurer - Loading properties file from class path resource [META-INF/application.properties]
2017-08-08 15:20:53,857 [INFO ] o.s.c.s.PropertySourcesPlaceholderConfigurer - Loading properties file from class path resource [META-INF/application.develop.properties]
2017-08-08 15:20:53,859 [INFO ] o.s.c.s.PropertySourcesPlaceholderConfigurer - Loading properties file from class path resource [META-INF/application.develop.local.properties]
2017-08-08 15:20:53,860 [WARN ] o.s.c.s.PropertySourcesPlaceholderConfigurer - Could not load properties from class path resource [META-INF/application.develop.local.properties]: class path resource [META-INF/application.develop.local.properties] cannot be opened because it does not exist
2017-08-08 15:20:53,864 [INFO ] o.s.c.s.PropertySourcesPlaceholderConfigurer - Loading properties file from URL [file:/D:/Personal/Desktop/学习目标/源码文档/spring-cloud-7simple-master/Myspring-cloud-7simple-master/7Bao-project/frontend/target/classes/META-INF/application.mybatis.properties]
2017-08-08 15:20:53,960 [INFO ] o.s.w.c.s.XmlWebApplicationContext - Bean '(inner bean)' of type [class java.util.concurrent.ThreadPoolExecutor$CallerRunsPolicy] is not eligible for getting processed by all BeanPostProcessors (for example: not eligible for auto-proxying)
2017-08-08 15:20:53,978 [INFO ] o.s.s.c.ThreadPoolTaskExecutor - Initializing ExecutorService 
2017-08-08 15:20:53,978 [INFO ] o.s.w.c.s.XmlWebApplicationContext - Bean 'AsyncJobExecutor' of type [class org.springframework.scheduling.config.TaskExecutorFactoryBean] is not eligible for getting processed by all BeanPostProcessors (for example: not eligible for auto-proxying)
2017-08-08 15:20:53,978 [INFO ] o.s.w.c.s.XmlWebApplicationContext - Bean 'AsyncJobExecutor' of type [class org.springframework.scheduling.concurrent.ThreadPoolTaskExecutor] is not eligible for getting processed by all BeanPostProcessors (for example: not eligible for auto-proxying)
2017-08-08 15:20:54,021 [INFO ] o.s.b.f.s.DefaultListableBeanFactory - Pre-instantiating singletons in org.springframework.beans.factory.support.DefaultListableBeanFactory@9994a9: defining beans [org.springframework.context.annotation.internalConfigurationAnnotationProcessor,org.springframework.context.annotation.internalAutowiredAnnotationProcessor,org.springframework.context.annotation.internalRequiredAnnotationProcessor,org.springframework.context.annotation.internalCommonAnnotationProcessor,org.springframework.context.annotation.internalPersistenceAnnotationProcessor,org.springframework.aop.config.internalAutoProxyCreator,org.springframework.aop.framework.autoproxy.DefaultAdvisorAutoProxyCreator#0,org.springframework.context.support.PropertySourcesPlaceholderConfigurer#0,StartService,gameInfoRedisDAOImpl,gameInfoManagerImpl,authOutInterceptor,logManagerImpl,logDBDAOImpl,eucpMobileMsgImpl,servicerOrderManagerImpl,tradeOrderManagerImpl,userInfoServiceImpl,gameUserManagerImpl,accountManagerImpl,authenticationImpl,servicerVoteConfigManagerImpl,servicerVoteManagerImpl,sessionManagerImpl,userInfoManagerImpl,usersGameManagerImpl,servicerVoteConfigDBDAO,servicerVoteDBDAOImpl,userInfoDBDAOImpl,usersGameDBDAOImpl,servicerVoteRedisDAOImpl,userInfoRedisDAOImpl,verifyCodeRedisDAOImpl,org.springframework.transaction.annotation.AnnotationTransactionAttributeSource#0,org.springframework.transaction.interceptor.TransactionInterceptor#0,org.springframework.transaction.config.internalTransactionAdvisor,org.springframework.context.support.PropertySourcesPlaceholderConfigurer#1,transactionManager,sqlSessionFactory,userJedisFactory,userRedisTemplate,dataSource,org.springframework.context.annotation.internalAsyncAnnotationProcessor,org.springframework.context.annotation.internalScheduledAnnotationProcessor,AsyncJobExecutor,cxf,org.apache.cxf.bus.spring.BusWiringBeanFactoryPostProcessor,org.apache.cxf.bus.spring.Jsr250BeanPostProcessor,org.apache.cxf.bus.spring.BusExtensionPostProcessor,RESTService,authenticationInterceptor,formattedJAXBInterceptor,org.springframework.context.annotation.ConfigurationClassPostProcessor$ImportAwareBeanPostProcessor#0]; root of factory hierarchy
2017-08-08 15:20:54,970 [INFO ] c.w.c.f.s.d.m.p.OffsetLimitInterceptor - MyBatis OffsetLimitInterceptor Dialect is com.wzitech.chaos.framework.server.dataaccess.dialect.PostgreSQLDialect
2017-08-08 15:20:56,108 [INFO ] o.s.b.f.s.DefaultListableBeanFactory - Destroying singletons in org.springframework.beans.factory.support.DefaultListableBeanFactory@9994a9: defining beans [org.springframework.context.annotation.internalConfigurationAnnotationProcessor,org.springframework.context.annotation.internalAutowiredAnnotationProcessor,org.springframework.context.annotation.internalRequiredAnnotationProcessor,org.springframework.context.annotation.internalCommonAnnotationProcessor,org.springframework.context.annotation.internalPersistenceAnnotationProcessor,org.springframework.aop.config.internalAutoProxyCreator,org.springframework.aop.framework.autoproxy.DefaultAdvisorAutoProxyCreator#0,org.springframework.context.support.PropertySourcesPlaceholderConfigurer#0,StartService,gameInfoRedisDAOImpl,gameInfoManagerImpl,authOutInterceptor,logManagerImpl,logDBDAOImpl,eucpMobileMsgImpl,servicerOrderManagerImpl,tradeOrderManagerImpl,userInfoServiceImpl,gameUserManagerImpl,accountManagerImpl,authenticationImpl,servicerVoteConfigManagerImpl,servicerVoteManagerImpl,sessionManagerImpl,userInfoManagerImpl,usersGameManagerImpl,servicerVoteConfigDBDAO,servicerVoteDBDAOImpl,userInfoDBDAOImpl,usersGameDBDAOImpl,servicerVoteRedisDAOImpl,userInfoRedisDAOImpl,verifyCodeRedisDAOImpl,org.springframework.transaction.annotation.AnnotationTransactionAttributeSource#0,org.springframework.transaction.interceptor.TransactionInterceptor#0,org.springframework.transaction.config.internalTransactionAdvisor,org.springframework.context.support.PropertySourcesPlaceholderConfigurer#1,transactionManager,sqlSessionFactory,userJedisFactory,userRedisTemplate,dataSource,org.springframework.context.annotation.internalAsyncAnnotationProcessor,org.springframework.context.annotation.internalScheduledAnnotationProcessor,AsyncJobExecutor,cxf,org.apache.cxf.bus.spring.BusWiringBeanFactoryPostProcessor,org.apache.cxf.bus.spring.Jsr250BeanPostProcessor,org.apache.cxf.bus.spring.BusExtensionPostProcessor,RESTService,authenticationInterceptor,formattedJAXBInterceptor,org.springframework.context.annotation.ConfigurationClassPostProcessor$ImportAwareBeanPostProcessor#0]; root of factory hierarchy
2017-08-08 15:20:56,109 [INFO ] o.s.s.c.ThreadPoolTaskExecutor - Shutting down ExecutorService
2017-08-08 15:20:56,114 [ERROR] o.s.web.context.ContextLoader - Context initialization failed
org.springframework.beans.factory.BeanCreationException: Error creating bean with name 'RESTService': Cannot create inner bean 'com.wzitech.Z7Bao.providers.JacksonJsonpProvider#1f5f50e' of type [com.wzitech.Z7Bao.providers.JacksonJsonpProvider] while setting bean property 'providers' with key [0]; nested exception is org.springframework.beans.factory.CannotLoadBeanClassException: Cannot find class [com.wzitech.Z7Bao.providers.JacksonJsonpProvider] for bean with name 'com.wzitech.Z7Bao.providers.JacksonJsonpProvider#1f5f50e' defined in class path resource [META-INF/gold-facade-frontend-service-context.xml]; nested exception is java.lang.ClassNotFoundException: com.wzitech.Z7Bao.providers.JacksonJsonpProvider
	at org.springframework.beans.factory.support.BeanDefinitionValueResolver.resolveInnerBean(BeanDefinitionValueResolver.java:281) ~[spring-beans-3.1.2.RELEASE.jar:3.1.2.RELEASE]
	at org.springframework.beans.factory.support.BeanDefinitionValueResolver.resolveValueIfNecessary(BeanDefinitionValueResolver.java:120) ~[spring-beans-3.1.2.RELEASE.jar:3.1.2.RELEASE]
	at org.springframework.beans.factory.support.BeanDefinitionValueResolver.resolveManagedList(BeanDefinitionValueResolver.java:353) ~[spring-beans-3.1.2.RELEASE.jar:3.1.2.RELEASE]
	at org.springframework.beans.factory.support.BeanDefinitionValueResolver.resolveValueIfNecessary(BeanDefinitionValueResolver.java:153) ~[spring-beans-3.1.2.RELEASE.jar:3.1.2.RELEASE]
	at org.springframework.beans.factory.support.AbstractAutowireCapableBeanFactory.applyPropertyValues(AbstractAutowireCapableBeanFactory.java:1360) ~[spring-beans-3.1.2.RELEASE.jar:3.1.2.RELEASE]
	at org.springframework.beans.factory.support.AbstractAutowireCapableBeanFactory.populateBean(AbstractAutowireCapableBeanFactory.java:1118) ~[spring-beans-3.1.2.RELEASE.jar:3.1.2.RELEASE]
	at org.springframework.beans.factory.support.AbstractAutowireCapableBeanFactory.doCreateBean(AbstractAutowireCapableBeanFactory.java:517) ~[spring-beans-3.1.2.RELEASE.jar:3.1.2.RELEASE]
	at org.springframework.beans.factory.support.AbstractAutowireCapableBeanFactory.createBean(AbstractAutowireCapableBeanFactory.java:456) ~[spring-beans-3.1.2.RELEASE.jar:3.1.2.RELEASE]
	at org.springframework.beans.factory.support.AbstractBeanFactory$1.getObject(AbstractBeanFactory.java:294) ~[spring-beans-3.1.2.RELEASE.jar:3.1.2.RELEASE]
	at org.springframework.beans.factory.support.DefaultSingletonBeanRegistry.getSingleton(DefaultSingletonBeanRegistry.java:225) ~[spring-beans-3.1.2.RELEASE.jar:3.1.2.RELEASE]
	at org.springframework.beans.factory.support.AbstractBeanFactory.doGetBean(AbstractBeanFactory.java:291) ~[spring-beans-3.1.2.RELEASE.jar:3.1.2.RELEASE]
	at org.springframework.beans.factory.support.AbstractBeanFactory.getBean(AbstractBeanFactory.java:193) ~[spring-beans-3.1.2.RELEASE.jar:3.1.2.RELEASE]
	at org.springframework.beans.factory.support.DefaultListableBeanFactory.preInstantiateSingletons(DefaultListableBeanFactory.java:609) ~[spring-beans-3.1.2.RELEASE.jar:3.1.2.RELEASE]
	at org.springframework.context.support.AbstractApplicationContext.finishBeanFactoryInitialization(AbstractApplicationContext.java:918) ~[spring-context-3.1.2.RELEASE.jar:3.1.2.RELEASE]
	at org.springframework.context.support.AbstractApplicationContext.refresh(AbstractApplicationContext.java:469) ~[spring-context-3.1.2.RELEASE.jar:3.1.2.RELEASE]
	at org.springframework.web.context.ContextLoader.configureAndRefreshWebApplicationContext(ContextLoader.java:383) ~[spring-web-3.1.2.RELEASE.jar:3.1.2.RELEASE]
	at org.springframework.web.context.ContextLoader.initWebApplicationContext(ContextLoader.java:283) ~[spring-web-3.1.2.RELEASE.jar:3.1.2.RELEASE]
	at org.springframework.web.context.ContextLoaderListener.contextInitialized(ContextLoaderListener.java:111) [spring-web-3.1.2.RELEASE.jar:3.1.2.RELEASE]
	at org.apache.catalina.core.StandardContext.listenerStart(StandardContext.java:4797) [tomcat-embed-core-7.0.37.jar:7.0.37]
	at org.apache.catalina.core.StandardContext.startInternal(StandardContext.java:5291) [tomcat-embed-core-7.0.37.jar:7.0.37]
	at org.apache.catalina.util.LifecycleBase.start(LifecycleBase.java:150) [tomcat-embed-core-7.0.37.jar:7.0.37]
	at org.apache.catalina.core.ContainerBase$StartChild.call(ContainerBase.java:1559) [tomcat-embed-core-7.0.37.jar:7.0.37]
	at org.apache.catalina.core.ContainerBase$StartChild.call(ContainerBase.java:1549) [tomcat-embed-core-7.0.37.jar:7.0.37]
	at java.util.concurrent.FutureTask.run(FutureTask.java:262) [na:1.7.0_79]
	at java.util.concurrent.ThreadPoolExecutor.runWorker(ThreadPoolExecutor.java:1145) [na:1.7.0_79]
	at java.util.concurrent.ThreadPoolExecutor$Worker.run(ThreadPoolExecutor.java:615) [na:1.7.0_79]
	at java.lang.Thread.run(Thread.java:745) [na:1.7.0_79]
Caused by: org.springframework.beans.factory.CannotLoadBeanClassException: Cannot find class [com.wzitech.Z7Bao.providers.JacksonJsonpProvider] for bean with name 'com.wzitech.Z7Bao.providers.JacksonJsonpProvider#1f5f50e' defined in class path resource [META-INF/gold-facade-frontend-service-context.xml]; nested exception is java.lang.ClassNotFoundException: com.wzitech.Z7Bao.providers.JacksonJsonpProvider
	at org.springframework.beans.factory.support.AbstractBeanFactory.resolveBeanClass(AbstractBeanFactory.java:1262) ~[spring-beans-3.1.2.RELEASE.jar:3.1.2.RELEASE]
	at org.springframework.beans.factory.support.AbstractAutowireCapableBeanFactory.createBean(AbstractAutowireCapableBeanFactory.java:433) ~[spring-beans-3.1.2.RELEASE.jar:3.1.2.RELEASE]
	at org.springframework.beans.factory.support.BeanDefinitionValueResolver.resolveInnerBean(BeanDefinitionValueResolver.java:270) ~[spring-beans-3.1.2.RELEASE.jar:3.1.2.RELEASE]
	... 26 common frames omitted
Caused by: java.lang.ClassNotFoundException: com.wzitech.Z7Bao.providers.JacksonJsonpProvider
	at org.apache.catalina.loader.WebappClassLoader.loadClass(WebappClassLoader.java:1713) ~[tomcat-embed-core-7.0.37.jar:7.0.37]
	at org.apache.catalina.loader.WebappClassLoader.loadClass(WebappClassLoader.java:1558) ~[tomcat-embed-core-7.0.37.jar:7.0.37]
	at org.springframework.util.ClassUtils.forName(ClassUtils.java:258) ~[spring-core-3.1.2.RELEASE.jar:3.1.2.RELEASE]
	at org.springframework.beans.factory.support.AbstractBeanDefinition.resolveBeanClass(AbstractBeanDefinition.java:417) ~[spring-beans-3.1.2.RELEASE.jar:3.1.2.RELEASE]
	at org.springframework.beans.factory.support.AbstractBeanFactory.doResolveBeanClass(AbstractBeanFactory.java:1283) ~[spring-beans-3.1.2.RELEASE.jar:3.1.2.RELEASE]
	at org.springframework.beans.factory.support.AbstractBeanFactory.resolveBeanClass(AbstractBeanFactory.java:1254) ~[spring-beans-3.1.2.RELEASE.jar:3.1.2.RELEASE]
	... 28 common frames omitted
2017-08-08 15:22:27,617 [INFO ] o.s.web.context.ContextLoader - Root WebApplicationContext: initialization started
2017-08-08 15:22:27,675 [INFO ] o.s.w.c.s.XmlWebApplicationContext - Refreshing Root WebApplicationContext: startup date [Tue Aug 08 15:22:27 CST 2017]; root of context hierarchy
2017-08-08 15:22:27,726 [INFO ] o.s.b.f.xml.XmlBeanDefinitionReader - Loading XML bean definitions from class path resource [META-INF/gold-facade-frontend-context.xml]
2017-08-08 15:22:27,839 [INFO ] o.s.b.f.xml.XmlBeanDefinitionReader - Loading XML bean definitions from class path resource [META-INF/gold-facade-frontend-import-context.xml]
2017-08-08 15:22:27,964 [INFO ] o.s.b.f.xml.XmlBeanDefinitionReader - Loading XML bean definitions from class path resource [META-INF/gold-facade-frontend-dao-context.xml]
2017-08-08 15:22:27,993 [INFO ] o.s.b.f.xml.XmlBeanDefinitionReader - Loading XML bean definitions from class path resource [META-INF/gold-facade-frontend-business-context.xml]
2017-08-08 15:22:28,003 [INFO ] o.s.b.f.xml.XmlBeanDefinitionReader - Loading XML bean definitions from class path resource [META-INF/gold-facade-frontend-service-context.xml]
2017-08-08 15:22:28,012 [INFO ] o.s.b.f.xml.XmlBeanDefinitionReader - Loading XML bean definitions from class path resource [META-INF/cxf/cxf.xml]
2017-08-08 15:22:28,300 [INFO ] o.s.c.s.PropertySourcesPlaceholderConfigurer - Loading properties file from class path resource [META-INF/application.properties]
2017-08-08 15:22:28,301 [INFO ] o.s.c.s.PropertySourcesPlaceholderConfigurer - Loading properties file from class path resource [META-INF/application.develop.properties]
2017-08-08 15:22:28,301 [INFO ] o.s.c.s.PropertySourcesPlaceholderConfigurer - Loading properties file from class path resource [META-INF/application.develop.local.properties]
2017-08-08 15:22:28,302 [WARN ] o.s.c.s.PropertySourcesPlaceholderConfigurer - Could not load properties from class path resource [META-INF/application.develop.local.properties]: class path resource [META-INF/application.develop.local.properties] cannot be opened because it does not exist
2017-08-08 15:22:28,306 [INFO ] o.s.c.s.PropertySourcesPlaceholderConfigurer - Loading properties file from URL [file:/D:/Personal/Desktop/学习目标/源码文档/spring-cloud-7simple-master/Myspring-cloud-7simple-master/7Bao-project/frontend/target/classes/META-INF/application.mybatis.properties]
2017-08-08 15:22:28,401 [INFO ] o.s.w.c.s.XmlWebApplicationContext - Bean '(inner bean)' of type [class java.util.concurrent.ThreadPoolExecutor$CallerRunsPolicy] is not eligible for getting processed by all BeanPostProcessors (for example: not eligible for auto-proxying)
2017-08-08 15:22:28,419 [INFO ] o.s.s.c.ThreadPoolTaskExecutor - Initializing ExecutorService 
2017-08-08 15:22:28,419 [INFO ] o.s.w.c.s.XmlWebApplicationContext - Bean 'AsyncJobExecutor' of type [class org.springframework.scheduling.config.TaskExecutorFactoryBean] is not eligible for getting processed by all BeanPostProcessors (for example: not eligible for auto-proxying)
2017-08-08 15:22:28,419 [INFO ] o.s.w.c.s.XmlWebApplicationContext - Bean 'AsyncJobExecutor' of type [class org.springframework.scheduling.concurrent.ThreadPoolTaskExecutor] is not eligible for getting processed by all BeanPostProcessors (for example: not eligible for auto-proxying)
2017-08-08 15:22:28,461 [INFO ] o.s.b.f.s.DefaultListableBeanFactory - Pre-instantiating singletons in org.springframework.beans.factory.support.DefaultListableBeanFactory@d165c2: defining beans [org.springframework.context.annotation.internalConfigurationAnnotationProcessor,org.springframework.context.annotation.internalAutowiredAnnotationProcessor,org.springframework.context.annotation.internalRequiredAnnotationProcessor,org.springframework.context.annotation.internalCommonAnnotationProcessor,org.springframework.context.annotation.internalPersistenceAnnotationProcessor,org.springframework.aop.config.internalAutoProxyCreator,org.springframework.aop.framework.autoproxy.DefaultAdvisorAutoProxyCreator#0,org.springframework.context.support.PropertySourcesPlaceholderConfigurer#0,StartService,gameInfoRedisDAOImpl,gameInfoManagerImpl,authOutInterceptor,logManagerImpl,logDBDAOImpl,eucpMobileMsgImpl,servicerOrderManagerImpl,tradeOrderManagerImpl,userInfoServiceImpl,gameUserManagerImpl,accountManagerImpl,authenticationImpl,servicerVoteConfigManagerImpl,servicerVoteManagerImpl,sessionManagerImpl,userInfoManagerImpl,usersGameManagerImpl,servicerVoteConfigDBDAO,servicerVoteDBDAOImpl,userInfoDBDAOImpl,usersGameDBDAOImpl,servicerVoteRedisDAOImpl,userInfoRedisDAOImpl,verifyCodeRedisDAOImpl,org.springframework.transaction.annotation.AnnotationTransactionAttributeSource#0,org.springframework.transaction.interceptor.TransactionInterceptor#0,org.springframework.transaction.config.internalTransactionAdvisor,org.springframework.context.support.PropertySourcesPlaceholderConfigurer#1,transactionManager,sqlSessionFactory,userJedisFactory,userRedisTemplate,dataSource,org.springframework.context.annotation.internalAsyncAnnotationProcessor,org.springframework.context.annotation.internalScheduledAnnotationProcessor,AsyncJobExecutor,cxf,org.apache.cxf.bus.spring.BusWiringBeanFactoryPostProcessor,org.apache.cxf.bus.spring.Jsr250BeanPostProcessor,org.apache.cxf.bus.spring.BusExtensionPostProcessor,RESTService,authenticationInterceptor,formattedJAXBInterceptor,org.springframework.context.annotation.ConfigurationClassPostProcessor$ImportAwareBeanPostProcessor#0]; root of factory hierarchy
2017-08-08 15:22:29,419 [INFO ] c.w.c.f.s.d.m.p.OffsetLimitInterceptor - MyBatis OffsetLimitInterceptor Dialect is com.wzitech.chaos.framework.server.dataaccess.dialect.PostgreSQLDialect
2017-08-08 15:22:32,784 [INFO ] org.apache.cxf.endpoint.ServerImpl - Setting the server's publish address to be /
2017-08-08 15:22:32,937 [INFO ] o.s.web.context.ContextLoader - Root WebApplicationContext: initialization completed in 5317 ms
2017-08-08 15:24:22,764 [INFO ] o.s.web.context.ContextLoader - Root WebApplicationContext: initialization started
2017-08-08 15:24:22,830 [INFO ] o.s.w.c.s.XmlWebApplicationContext - Refreshing Root WebApplicationContext: startup date [Tue Aug 08 15:24:22 CST 2017]; root of context hierarchy
2017-08-08 15:24:22,874 [INFO ] o.s.b.f.xml.XmlBeanDefinitionReader - Loading XML bean definitions from class path resource [META-INF/gold-facade-frontend-context.xml]
2017-08-08 15:24:23,001 [INFO ] o.s.b.f.xml.XmlBeanDefinitionReader - Loading XML bean definitions from class path resource [META-INF/gold-facade-frontend-import-context.xml]
2017-08-08 15:24:23,130 [INFO ] o.s.b.f.xml.XmlBeanDefinitionReader - Loading XML bean definitions from class path resource [META-INF/gold-facade-frontend-dao-context.xml]
2017-08-08 15:24:23,160 [INFO ] o.s.b.f.xml.XmlBeanDefinitionReader - Loading XML bean definitions from class path resource [META-INF/gold-facade-frontend-business-context.xml]
2017-08-08 15:24:23,182 [INFO ] o.s.b.f.xml.XmlBeanDefinitionReader - Loading XML bean definitions from class path resource [META-INF/gold-facade-frontend-service-context.xml]
2017-08-08 15:24:23,193 [INFO ] o.s.b.f.xml.XmlBeanDefinitionReader - Loading XML bean definitions from class path resource [META-INF/cxf/cxf.xml]
2017-08-08 15:24:23,484 [INFO ] o.s.c.s.PropertySourcesPlaceholderConfigurer - Loading properties file from class path resource [META-INF/application.properties]
2017-08-08 15:24:23,484 [INFO ] o.s.c.s.PropertySourcesPlaceholderConfigurer - Loading properties file from class path resource [META-INF/application.develop.properties]
2017-08-08 15:24:23,485 [INFO ] o.s.c.s.PropertySourcesPlaceholderConfigurer - Loading properties file from class path resource [META-INF/application.develop.local.properties]
2017-08-08 15:24:23,485 [WARN ] o.s.c.s.PropertySourcesPlaceholderConfigurer - Could not load properties from class path resource [META-INF/application.develop.local.properties]: class path resource [META-INF/application.develop.local.properties] cannot be opened because it does not exist
2017-08-08 15:24:23,489 [INFO ] o.s.c.s.PropertySourcesPlaceholderConfigurer - Loading properties file from URL [file:/D:/Personal/Desktop/学习目标/源码文档/spring-cloud-7simple-master/Myspring-cloud-7simple-master/7Bao-project/frontend/target/classes/META-INF/application.mybatis.properties]
2017-08-08 15:24:23,585 [INFO ] o.s.w.c.s.XmlWebApplicationContext - Bean '(inner bean)' of type [class java.util.concurrent.ThreadPoolExecutor$CallerRunsPolicy] is not eligible for getting processed by all BeanPostProcessors (for example: not eligible for auto-proxying)
2017-08-08 15:24:23,609 [INFO ] o.s.s.c.ThreadPoolTaskExecutor - Initializing ExecutorService 
2017-08-08 15:24:23,609 [INFO ] o.s.w.c.s.XmlWebApplicationContext - Bean 'AsyncJobExecutor' of type [class org.springframework.scheduling.config.TaskExecutorFactoryBean] is not eligible for getting processed by all BeanPostProcessors (for example: not eligible for auto-proxying)
2017-08-08 15:24:23,609 [INFO ] o.s.w.c.s.XmlWebApplicationContext - Bean 'AsyncJobExecutor' of type [class org.springframework.scheduling.concurrent.ThreadPoolTaskExecutor] is not eligible for getting processed by all BeanPostProcessors (for example: not eligible for auto-proxying)
2017-08-08 15:24:23,646 [INFO ] o.s.b.f.s.DefaultListableBeanFactory - Pre-instantiating singletons in org.springframework.beans.factory.support.DefaultListableBeanFactory@1e2ef31: defining beans [org.springframework.context.annotation.internalConfigurationAnnotationProcessor,org.springframework.context.annotation.internalAutowiredAnnotationProcessor,org.springframework.context.annotation.internalRequiredAnnotationProcessor,org.springframework.context.annotation.internalCommonAnnotationProcessor,org.springframework.context.annotation.internalPersistenceAnnotationProcessor,org.springframework.aop.config.internalAutoProxyCreator,org.springframework.aop.framework.autoproxy.DefaultAdvisorAutoProxyCreator#0,org.springframework.context.support.PropertySourcesPlaceholderConfigurer#0,StartService,gameInfoRedisDAOImpl,gameInfoManagerImpl,authOutInterceptor,logManagerImpl,logDBDAOImpl,eucpMobileMsgImpl,servicerOrderManagerImpl,tradeOrderManagerImpl,userInfoServiceImpl,gameUserManagerImpl,accountManagerImpl,authenticationImpl,servicerVoteConfigManagerImpl,servicerVoteManagerImpl,sessionManagerImpl,userInfoManagerImpl,usersGameManagerImpl,servicerVoteConfigDBDAO,servicerVoteDBDAOImpl,userInfoDBDAOImpl,usersGameDBDAOImpl,servicerVoteRedisDAOImpl,userInfoRedisDAOImpl,verifyCodeRedisDAOImpl,org.springframework.transaction.annotation.AnnotationTransactionAttributeSource#0,org.springframework.transaction.interceptor.TransactionInterceptor#0,org.springframework.transaction.config.internalTransactionAdvisor,org.springframework.context.support.PropertySourcesPlaceholderConfigurer#1,transactionManager,sqlSessionFactory,userJedisFactory,userRedisTemplate,dataSource,org.springframework.context.annotation.internalAsyncAnnotationProcessor,org.springframework.context.annotation.internalScheduledAnnotationProcessor,AsyncJobExecutor,cxf,org.apache.cxf.bus.spring.BusWiringBeanFactoryPostProcessor,org.apache.cxf.bus.spring.Jsr250BeanPostProcessor,org.apache.cxf.bus.spring.BusExtensionPostProcessor,RESTService,authenticationInterceptor,formattedJAXBInterceptor,org.springframework.context.annotation.ConfigurationClassPostProcessor$ImportAwareBeanPostProcessor#0]; root of factory hierarchy
2017-08-08 15:24:24,722 [INFO ] c.w.c.f.s.d.m.p.OffsetLimitInterceptor - MyBatis OffsetLimitInterceptor Dialect is com.wzitech.chaos.framework.server.dataaccess.dialect.PostgreSQLDialect
2017-08-08 15:24:29,027 [INFO ] org.apache.cxf.endpoint.ServerImpl - Setting the server's publish address to be /
2017-08-08 15:24:29,178 [INFO ] o.s.web.context.ContextLoader - Root WebApplicationContext: initialization completed in 6410 ms
2017-08-08 16:08:25,785 [INFO ] o.s.web.context.ContextLoader - Root WebApplicationContext: initialization started
2017-08-08 16:08:25,855 [INFO ] o.s.w.c.s.XmlWebApplicationContext - Refreshing Root WebApplicationContext: startup date [Tue Aug 08 16:08:25 CST 2017]; root of context hierarchy
2017-08-08 16:08:25,900 [INFO ] o.s.b.f.xml.XmlBeanDefinitionReader - Loading XML bean definitions from class path resource [META-INF/gold-facade-frontend-context.xml]
2017-08-08 16:08:26,063 [INFO ] o.s.b.f.xml.XmlBeanDefinitionReader - Loading XML bean definitions from class path resource [META-INF/gold-facade-frontend-import-context.xml]
2017-08-08 16:08:26,196 [INFO ] o.s.b.f.xml.XmlBeanDefinitionReader - Loading XML bean definitions from class path resource [META-INF/gold-facade-frontend-dao-context.xml]
2017-08-08 16:08:26,225 [INFO ] o.s.b.f.xml.XmlBeanDefinitionReader - Loading XML bean definitions from class path resource [META-INF/gold-facade-frontend-business-context.xml]
2017-08-08 16:08:26,237 [INFO ] o.s.b.f.xml.XmlBeanDefinitionReader - Loading XML bean definitions from class path resource [META-INF/gold-facade-frontend-service-context.xml]
2017-08-08 16:08:26,247 [INFO ] o.s.b.f.xml.XmlBeanDefinitionReader - Loading XML bean definitions from class path resource [META-INF/cxf/cxf.xml]
2017-08-08 16:08:26,563 [INFO ] o.s.c.s.PropertySourcesPlaceholderConfigurer - Loading properties file from class path resource [META-INF/application.properties]
2017-08-08 16:08:26,563 [INFO ] o.s.c.s.PropertySourcesPlaceholderConfigurer - Loading properties file from class path resource [META-INF/application.develop.properties]
2017-08-08 16:08:26,563 [INFO ] o.s.c.s.PropertySourcesPlaceholderConfigurer - Loading properties file from class path resource [META-INF/application.develop.local.properties]
2017-08-08 16:08:26,564 [WARN ] o.s.c.s.PropertySourcesPlaceholderConfigurer - Could not load properties from class path resource [META-INF/application.develop.local.properties]: class path resource [META-INF/application.develop.local.properties] cannot be opened because it does not exist
2017-08-08 16:08:26,568 [INFO ] o.s.c.s.PropertySourcesPlaceholderConfigurer - Loading properties file from URL [file:/D:/Personal/Desktop/学习目标/源码文档/spring-cloud-7simple-master/Myspring-cloud-7simple-master/7Bao-project/frontend/target/classes/META-INF/application.mybatis.properties]
2017-08-08 16:08:26,669 [INFO ] o.s.w.c.s.XmlWebApplicationContext - Bean '(inner bean)' of type [class java.util.concurrent.ThreadPoolExecutor$CallerRunsPolicy] is not eligible for getting processed by all BeanPostProcessors (for example: not eligible for auto-proxying)
2017-08-08 16:08:26,694 [INFO ] o.s.s.c.ThreadPoolTaskExecutor - Initializing ExecutorService 
2017-08-08 16:08:26,694 [INFO ] o.s.w.c.s.XmlWebApplicationContext - Bean 'AsyncJobExecutor' of type [class org.springframework.scheduling.config.TaskExecutorFactoryBean] is not eligible for getting processed by all BeanPostProcessors (for example: not eligible for auto-proxying)
2017-08-08 16:08:26,694 [INFO ] o.s.w.c.s.XmlWebApplicationContext - Bean 'AsyncJobExecutor' of type [class org.springframework.scheduling.concurrent.ThreadPoolTaskExecutor] is not eligible for getting processed by all BeanPostProcessors (for example: not eligible for auto-proxying)
2017-08-08 16:08:26,731 [INFO ] o.s.b.f.s.DefaultListableBeanFactory - Pre-instantiating singletons in org.springframework.beans.factory.support.DefaultListableBeanFactory@1fca4ea: defining beans [org.springframework.context.annotation.internalConfigurationAnnotationProcessor,org.springframework.context.annotation.internalAutowiredAnnotationProcessor,org.springframework.context.annotation.internalRequiredAnnotationProcessor,org.springframework.context.annotation.internalCommonAnnotationProcessor,org.springframework.context.annotation.internalPersistenceAnnotationProcessor,org.springframework.aop.config.internalAutoProxyCreator,org.springframework.aop.framework.autoproxy.DefaultAdvisorAutoProxyCreator#0,org.springframework.context.support.PropertySourcesPlaceholderConfigurer#0,StartService,gameInfoRedisDAOImpl,gameInfoManagerImpl,authOutInterceptor,logManagerImpl,logDBDAOImpl,eucpMobileMsgImpl,servicerOrderManagerImpl,tradeOrderManagerImpl,userInfoServiceImpl,gameUserManagerImpl,accountManagerImpl,authenticationImpl,servicerVoteConfigManagerImpl,servicerVoteManagerImpl,sessionManagerImpl,userInfoManagerImpl,usersGameManagerImpl,servicerVoteConfigDBDAO,servicerVoteDBDAOImpl,userInfoDBDAOImpl,usersGameDBDAOImpl,servicerVoteRedisDAOImpl,userInfoRedisDAOImpl,verifyCodeRedisDAOImpl,org.springframework.transaction.annotation.AnnotationTransactionAttributeSource#0,org.springframework.transaction.interceptor.TransactionInterceptor#0,org.springframework.transaction.config.internalTransactionAdvisor,org.springframework.context.support.PropertySourcesPlaceholderConfigurer#1,transactionManager,sqlSessionFactory,userJedisFactory,userRedisTemplate,dataSource,org.springframework.context.annotation.internalAsyncAnnotationProcessor,org.springframework.context.annotation.internalScheduledAnnotationProcessor,AsyncJobExecutor,cxf,org.apache.cxf.bus.spring.BusWiringBeanFactoryPostProcessor,org.apache.cxf.bus.spring.Jsr250BeanPostProcessor,org.apache.cxf.bus.spring.BusExtensionPostProcessor,RESTService,authenticationInterceptor,formattedJAXBInterceptor,org.springframework.context.annotation.ConfigurationClassPostProcessor$ImportAwareBeanPostProcessor#0]; root of factory hierarchy
2017-08-08 16:08:27,754 [INFO ] c.w.c.f.s.d.m.p.OffsetLimitInterceptor - MyBatis OffsetLimitInterceptor Dialect is com.wzitech.chaos.framework.server.dataaccess.dialect.PostgreSQLDialect
2017-08-08 16:08:28,285 [INFO ] org.apache.cxf.endpoint.ServerImpl - Setting the server's publish address to be /
2017-08-08 16:08:28,423 [INFO ] o.s.web.context.ContextLoader - Root WebApplicationContext: initialization completed in 2625 ms
2017-08-08 16:08:31,944 [INFO ] o.a.c.i.LoggingInInterceptor - Inbound Message
----------------------------
ID: 1
Address: http://localhost:8080/frontend/services/StartService/start
Http-Method: GET
Content-Type: 
Headers: {Accept=[text/html,application/xhtml+xml,application/xml;q=0.9,image/webp,image/apng,*/*;q=0.8], accept-encoding=[gzip, deflate, br], accept-language=[zh-CN,zh;q=0.8], cache-control=[max-age=0], connection=[keep-alive], Content-Type=[null], cookie=[JSESSIONID=1E05DFEB0EC84006AA284DF96665D833], host=[localhost:8080], upgrade-insecure-requests=[1], user-agent=[Mozilla/5.0 (Windows NT 6.1; Win64; x64) AppleWebKit/537.36 (KHTML, like Gecko) Chrome/59.0.3071.115 Safari/537.36]}
--------------------------------------
2017-08-08 16:08:31,953 [INFO ] org.apache.cxf.jaxrs.JAXRSInvoker - Null subresource locator is returned for path /
2017-08-08 16:08:31,959 [INFO ] o.a.c.i.LoggingOutInterceptor - Outbound Message
---------------------------
ID: 1
Response-Code: 404
Content-Type: text/xml
Headers: {Date=[Tue, 08 Aug 2017 08:08:31 GMT], Content-Length=[0]}
--------------------------------------
2017-08-08 16:26:43,440 [INFO ] o.s.test.context.TestContextManager - @TestExecutionListeners is not present for class [class MyTest]: using defaults.
2017-08-08 16:26:43,553 [INFO ] o.s.b.f.xml.XmlBeanDefinitionReader - Loading XML bean definitions from class path resource [META-INF/gold-facade-frontend-context.xml]
2017-08-08 16:26:43,674 [INFO ] o.s.b.f.xml.XmlBeanDefinitionReader - Loading XML bean definitions from class path resource [META-INF/gold-facade-frontend-import-context.xml]
2017-08-08 16:26:43,830 [INFO ] o.s.b.f.xml.XmlBeanDefinitionReader - Loading XML bean definitions from class path resource [META-INF/gold-facade-frontend-dao-context.xml]
2017-08-08 16:26:43,863 [INFO ] o.s.b.f.xml.XmlBeanDefinitionReader - Loading XML bean definitions from class path resource [META-INF/gold-facade-frontend-business-context.xml]
2017-08-08 16:26:43,875 [INFO ] o.s.b.f.xml.XmlBeanDefinitionReader - Loading XML bean definitions from class path resource [META-INF/gold-facade-frontend-service-context.xml]
2017-08-08 16:26:43,888 [INFO ] o.s.b.f.xml.XmlBeanDefinitionReader - Loading XML bean definitions from class path resource [META-INF/cxf/cxf.xml]
2017-08-08 16:26:44,009 [INFO ] o.s.c.s.GenericApplicationContext - Refreshing org.springframework.context.support.GenericApplicationContext@186edfb: startup date [Tue Aug 08 16:26:44 CST 2017]; root of context hierarchy
2017-08-08 16:26:44,216 [INFO ] o.s.c.s.PropertySourcesPlaceholderConfigurer - Loading properties file from class path resource [META-INF/application.properties]
2017-08-08 16:26:44,217 [INFO ] o.s.c.s.PropertySourcesPlaceholderConfigurer - Loading properties file from class path resource [META-INF/application.develop.properties]
2017-08-08 16:26:44,217 [INFO ] o.s.c.s.PropertySourcesPlaceholderConfigurer - Loading properties file from class path resource [META-INF/application.develop.local.properties]
2017-08-08 16:26:44,218 [WARN ] o.s.c.s.PropertySourcesPlaceholderConfigurer - Could not load properties from class path resource [META-INF/application.develop.local.properties]: class path resource [META-INF/application.develop.local.properties] cannot be opened because it does not exist
2017-08-08 16:26:44,221 [INFO ] o.s.c.s.PropertySourcesPlaceholderConfigurer - Loading properties file from URL [file:/D:/Personal/Desktop/%e5%ad%a6%e4%b9%a0%e7%9b%ae%e6%a0%87/%e6%ba%90%e7%a0%81%e6%96%87%e6%a1%a3/spring-cloud-7simple-master/Myspring-cloud-7simple-master/7Bao-project/frontend/target/classes/META-INF/application.mybatis.properties]
2017-08-08 16:26:44,301 [INFO ] o.s.c.s.GenericApplicationContext - Bean '(inner bean)' of type [class java.util.concurrent.ThreadPoolExecutor$CallerRunsPolicy] is not eligible for getting processed by all BeanPostProcessors (for example: not eligible for auto-proxying)
2017-08-08 16:26:44,315 [INFO ] o.s.s.c.ThreadPoolTaskExecutor - Initializing ExecutorService 
2017-08-08 16:26:44,315 [INFO ] o.s.c.s.GenericApplicationContext - Bean 'AsyncJobExecutor' of type [class org.springframework.scheduling.config.TaskExecutorFactoryBean] is not eligible for getting processed by all BeanPostProcessors (for example: not eligible for auto-proxying)
2017-08-08 16:26:44,315 [INFO ] o.s.c.s.GenericApplicationContext - Bean 'AsyncJobExecutor' of type [class org.springframework.scheduling.concurrent.ThreadPoolTaskExecutor] is not eligible for getting processed by all BeanPostProcessors (for example: not eligible for auto-proxying)
2017-08-08 16:26:44,349 [INFO ] o.s.b.f.s.DefaultListableBeanFactory - Pre-instantiating singletons in org.springframework.beans.factory.support.DefaultListableBeanFactory@30ac0d: defining beans [org.springframework.context.annotation.internalConfigurationAnnotationProcessor,org.springframework.context.annotation.internalAutowiredAnnotationProcessor,org.springframework.context.annotation.internalRequiredAnnotationProcessor,org.springframework.context.annotation.internalCommonAnnotationProcessor,org.springframework.context.annotation.internalPersistenceAnnotationProcessor,org.springframework.aop.config.internalAutoProxyCreator,org.springframework.aop.framework.autoproxy.DefaultAdvisorAutoProxyCreator#0,org.springframework.context.support.PropertySourcesPlaceholderConfigurer#0,StartService,gameInfoRedisDAOImpl,gameInfoManagerImpl,authOutInterceptor,logManagerImpl,logDBDAOImpl,eucpMobileMsgImpl,servicerOrderManagerImpl,tradeOrderManagerImpl,userInfoServiceImpl,gameUserManagerImpl,accountManagerImpl,authenticationImpl,servicerVoteConfigManagerImpl,servicerVoteManagerImpl,sessionManagerImpl,userInfoManagerImpl,usersGameManagerImpl,servicerVoteConfigDBDAO,servicerVoteDBDAOImpl,userInfoDBDAOImpl,usersGameDBDAOImpl,servicerVoteRedisDAOImpl,userInfoRedisDAOImpl,verifyCodeRedisDAOImpl,org.springframework.transaction.annotation.AnnotationTransactionAttributeSource#0,org.springframework.transaction.interceptor.TransactionInterceptor#0,org.springframework.transaction.config.internalTransactionAdvisor,org.springframework.context.support.PropertySourcesPlaceholderConfigurer#1,transactionManager,sqlSessionFactory,userJedisFactory,userRedisTemplate,dataSource,org.springframework.context.annotation.internalAsyncAnnotationProcessor,org.springframework.context.annotation.internalScheduledAnnotationProcessor,AsyncJobExecutor,cxf,org.apache.cxf.bus.spring.BusWiringBeanFactoryPostProcessor,org.apache.cxf.bus.spring.Jsr250BeanPostProcessor,org.apache.cxf.bus.spring.BusExtensionPostProcessor,RESTService,authenticationInterceptor,formattedJAXBInterceptor,org.springframework.context.annotation.ConfigurationClassPostProcessor$ImportAwareBeanPostProcessor#0]; root of factory hierarchy
2017-08-08 16:26:45,311 [INFO ] c.w.c.f.s.d.m.p.OffsetLimitInterceptor - MyBatis OffsetLimitInterceptor Dialect is com.wzitech.chaos.framework.server.dataaccess.dialect.PostgreSQLDialect
2017-08-08 16:26:45,842 [INFO ] org.apache.cxf.endpoint.ServerImpl - Setting the server's publish address to be /
2017-08-08 16:26:45,911 [INFO ] o.s.c.s.GenericApplicationContext - Closing org.springframework.context.support.GenericApplicationContext@186edfb: startup date [Tue Aug 08 16:26:44 CST 2017]; root of context hierarchy
2017-08-08 16:26:45,912 [INFO ] o.s.b.f.s.DefaultListableBeanFactory - Destroying singletons in org.springframework.beans.factory.support.DefaultListableBeanFactory@30ac0d: defining beans [org.springframework.context.annotation.internalConfigurationAnnotationProcessor,org.springframework.context.annotation.internalAutowiredAnnotationProcessor,org.springframework.context.annotation.internalRequiredAnnotationProcessor,org.springframework.context.annotation.internalCommonAnnotationProcessor,org.springframework.context.annotation.internalPersistenceAnnotationProcessor,org.springframework.aop.config.internalAutoProxyCreator,org.springframework.aop.framework.autoproxy.DefaultAdvisorAutoProxyCreator#0,org.springframework.context.support.PropertySourcesPlaceholderConfigurer#0,StartService,gameInfoRedisDAOImpl,gameInfoManagerImpl,authOutInterceptor,logManagerImpl,logDBDAOImpl,eucpMobileMsgImpl,servicerOrderManagerImpl,tradeOrderManagerImpl,userInfoServiceImpl,gameUserManagerImpl,accountManagerImpl,authenticationImpl,servicerVoteConfigManagerImpl,servicerVoteManagerImpl,sessionManagerImpl,userInfoManagerImpl,usersGameManagerImpl,servicerVoteConfigDBDAO,servicerVoteDBDAOImpl,userInfoDBDAOImpl,usersGameDBDAOImpl,servicerVoteRedisDAOImpl,userInfoRedisDAOImpl,verifyCodeRedisDAOImpl,org.springframework.transaction.annotation.AnnotationTransactionAttributeSource#0,org.springframework.transaction.interceptor.TransactionInterceptor#0,org.springframework.transaction.config.internalTransactionAdvisor,org.springframework.context.support.PropertySourcesPlaceholderConfigurer#1,transactionManager,sqlSessionFactory,userJedisFactory,userRedisTemplate,dataSource,org.springframework.context.annotation.internalAsyncAnnotationProcessor,org.springframework.context.annotation.internalScheduledAnnotationProcessor,AsyncJobExecutor,cxf,org.apache.cxf.bus.spring.BusWiringBeanFactoryPostProcessor,org.apache.cxf.bus.spring.Jsr250BeanPostProcessor,org.apache.cxf.bus.spring.BusExtensionPostProcessor,RESTService,authenticationInterceptor,formattedJAXBInterceptor,org.springframework.context.annotation.ConfigurationClassPostProcessor$ImportAwareBeanPostProcessor#0]; root of factory hierarchy
2017-08-08 16:26:45,918 [INFO ] o.s.s.c.ThreadPoolTaskExecutor - Shutting down ExecutorService
