2017-08-21 13:45:00,203 [ERROR] o.s.web.context.ContextLoader - Context initialization failed
org.springframework.beans.factory.BeanCreationException: Error creating bean with name 'RESTService': Cannot resolve reference to bean 'FundService' while setting bean property 'serviceBeans' with key [2]; nested exception is org.springframework.beans.factory.BeanCreationException: Error creating bean with name 'FundService': Injection of autowired dependencies failed; nested exception is org.springframework.beans.factory.BeanCreationException: Could not autowire field: private com.wzitech.Z7Bao.frontend.business.IFundManager com.wzitech.Z7Bao.frontend.service.impl.FundServiceImpl.fundManager; nested exception is org.springframework.beans.factory.BeanCreationException: Error creating bean with name 'FundManagerImpl': Injection of autowired dependencies failed; nested exception is org.springframework.beans.factory.BeanCreationException: Could not autowire field: private com.wzitech.gamegold.usermgmt.dao.rdb.ISevenBaoAccountDBDAO com.wzitech.Z7Bao.frontend.business.impl.FundManagerImpl.sevenBaoAccountDBDAO; nested exception is org.springframework.beans.factory.BeanCreationException: Error creating bean with name 'sevenBaoAccountDBDAOImpl': Injection of autowired dependencies failed; nested exception is org.springframework.beans.factory.BeanCreationException: Could not autowire method: public final void org.mybatis.spring.support.SqlSessionDaoSupport.setSqlSessionFactory(org.apache.ibatis.session.SqlSessionFactory); nested exception is org.springframework.beans.factory.BeanCreationException: Error creating bean with name 'sqlSessionFactory' defined in class path resource [META-INF/gold-facade-frontend-dao-context.xml]: Invocation of init method failed; nested exception is org.springframework.core.NestedIOException: Failed to parse mapping resource: 'URL [jar:file:/C:/Users/340096/.m2/repository/com/wzitech/7Bao/7Bao-manager/0.0.1-SNAPSHOT/7Bao-manager-0.0.1-SNAPSHOT.jar!/META-INF/mapper/ZbaoFundDetail.xml]'; nested exception is org.apache.ibatis.builder.BuilderException: Error creating document instance.  Cause: org.xml.sax.SAXParseException; lineNumber: 85; columnNumber: 5; 元素类型 "trim" 必须由匹配的结束标记 "</trim>" 终止。
	at org.springframework.beans.factory.support.BeanDefinitionValueResolver.resolveReference(BeanDefinitionValueResolver.java:328) ~[spring-beans-3.1.2.RELEASE.jar:3.1.2.RELEASE]
	at org.springframework.beans.factory.support.BeanDefinitionValueResolver.resolveValueIfNecessary(BeanDefinitionValueResolver.java:106) ~[spring-beans-3.1.2.RELEASE.jar:3.1.2.RELEASE]
	at org.springframework.beans.factory.support.BeanDefinitionValueResolver.resolveManagedList(BeanDefinitionValueResolver.java:353) ~[spring-beans-3.1.2.RELEASE.jar:3.1.2.RELEASE]
	at org.springframework.beans.factory.support.BeanDefinitionValueResolver.resolveValueIfNecessary(BeanDefinitionValueResolver.java:153) ~[spring-beans-3.1.2.RELEASE.jar:3.1.2.RELEASE]
	at org.springframework.beans.factory.support.AbstractAutowireCapableBeanFactory.applyPropertyValues(AbstractAutowireCapableBeanFactory.java:1360) ~[spring-beans-3.1.2.RELEASE.jar:3.1.2.RELEASE]
	at org.springframework.beans.factory.support.AbstractAutowireCapableBeanFactory.populateBean(AbstractAutowireCapableBeanFactory.java:1118) ~[spring-beans-3.1.2.RELEASE.jar:3.1.2.RELEASE]
	at org.springframework.beans.factory.support.AbstractAutowireCapableBeanFactory.doCreateBean(AbstractAutowireCapableBeanFactory.java:517) ~[spring-beans-3.1.2.RELEASE.jar:3.1.2.RELEASE]
	at org.springframework.beans.factory.support.AbstractAutowireCapableBeanFactory.createBean(AbstractAutowireCapableBeanFactory.java:456) ~[spring-beans-3.1.2.RELEASE.jar:3.1.2.RELEASE]
	at org.springframework.beans.factory.support.AbstractBeanFactory$1.getObject(AbstractBeanFactory.java:294) ~[spring-beans-3.1.2.RELEASE.jar:3.1.2.RELEASE]
	at org.springframework.beans.factory.support.DefaultSingletonBeanRegistry.getSingleton(DefaultSingletonBeanRegistry.java:225) ~[spring-beans-3.1.2.RELEASE.jar:3.1.2.RELEASE]
	at org.springframework.beans.factory.support.AbstractBeanFactory.doGetBean(AbstractBeanFactory.java:291) ~[spring-beans-3.1.2.RELEASE.jar:3.1.2.RELEASE]
	at org.springframework.beans.factory.support.AbstractBeanFactory.getBean(AbstractBeanFactory.java:193) ~[spring-beans-3.1.2.RELEASE.jar:3.1.2.RELEASE]
	at org.springframework.beans.factory.support.DefaultListableBeanFactory.preInstantiateSingletons(DefaultListableBeanFactory.java:609) ~[spring-beans-3.1.2.RELEASE.jar:3.1.2.RELEASE]
	at org.springframework.context.support.AbstractApplicationContext.finishBeanFactoryInitialization(AbstractApplicationContext.java:918) ~[spring-context-3.1.2.RELEASE.jar:3.1.2.RELEASE]
	at org.springframework.context.support.AbstractApplicationContext.refresh(AbstractApplicationContext.java:469) ~[spring-context-3.1.2.RELEASE.jar:3.1.2.RELEASE]
	at org.springframework.web.context.ContextLoader.configureAndRefreshWebApplicationContext(ContextLoader.java:383) ~[spring-web-3.1.2.RELEASE.jar:3.1.2.RELEASE]
	at org.springframework.web.context.ContextLoader.initWebApplicationContext(ContextLoader.java:283) ~[spring-web-3.1.2.RELEASE.jar:3.1.2.RELEASE]
	at org.springframework.web.context.ContextLoaderListener.contextInitialized(ContextLoaderListener.java:111) [spring-web-3.1.2.RELEASE.jar:3.1.2.RELEASE]
	at org.apache.catalina.core.StandardContext.listenerStart(StandardContext.java:4797) [tomcat-embed-core-7.0.37.jar:7.0.37]
	at org.apache.catalina.core.StandardContext.startInternal(StandardContext.java:5291) [tomcat-embed-core-7.0.37.jar:7.0.37]
	at org.apache.catalina.util.LifecycleBase.start(LifecycleBase.java:150) [tomcat-embed-core-7.0.37.jar:7.0.37]
	at org.apache.catalina.core.ContainerBase$StartChild.call(ContainerBase.java:1559) [tomcat-embed-core-7.0.37.jar:7.0.37]
	at org.apache.catalina.core.ContainerBase$StartChild.call(ContainerBase.java:1549) [tomcat-embed-core-7.0.37.jar:7.0.37]
	at java.util.concurrent.FutureTask.run(FutureTask.java:266) [na:1.8.0_121]
	at java.util.concurrent.ThreadPoolExecutor.runWorker(ThreadPoolExecutor.java:1142) [na:1.8.0_121]
	at java.util.concurrent.ThreadPoolExecutor$Worker.run(ThreadPoolExecutor.java:617) [na:1.8.0_121]
	at java.lang.Thread.run(Thread.java:745) [na:1.8.0_121]
Caused by: org.springframework.beans.factory.BeanCreationException: Error creating bean with name 'FundService': Injection of autowired dependencies failed; nested exception is org.springframework.beans.factory.BeanCreationException: Could not autowire field: private com.wzitech.Z7Bao.frontend.business.IFundManager com.wzitech.Z7Bao.frontend.service.impl.FundServiceImpl.fundManager; nested exception is org.springframework.beans.factory.BeanCreationException: Error creating bean with name 'FundManagerImpl': Injection of autowired dependencies failed; nested exception is org.springframework.beans.factory.BeanCreationException: Could not autowire field: private com.wzitech.gamegold.usermgmt.dao.rdb.ISevenBaoAccountDBDAO com.wzitech.Z7Bao.frontend.business.impl.FundManagerImpl.sevenBaoAccountDBDAO; nested exception is org.springframework.beans.factory.BeanCreationException: Error creating bean with name 'sevenBaoAccountDBDAOImpl': Injection of autowired dependencies failed; nested exception is org.springframework.beans.factory.BeanCreationException: Could not autowire method: public final void org.mybatis.spring.support.SqlSessionDaoSupport.setSqlSessionFactory(org.apache.ibatis.session.SqlSessionFactory); nested exception is org.springframework.beans.factory.BeanCreationException: Error creating bean with name 'sqlSessionFactory' defined in class path resource [META-INF/gold-facade-frontend-dao-context.xml]: Invocation of init method failed; nested exception is org.springframework.core.NestedIOException: Failed to parse mapping resource: 'URL [jar:file:/C:/Users/340096/.m2/repository/com/wzitech/7Bao/7Bao-manager/0.0.1-SNAPSHOT/7Bao-manager-0.0.1-SNAPSHOT.jar!/META-INF/mapper/ZbaoFundDetail.xml]'; nested exception is org.apache.ibatis.builder.BuilderException: Error creating document instance.  Cause: org.xml.sax.SAXParseException; lineNumber: 85; columnNumber: 5; 元素类型 "trim" 必须由匹配的结束标记 "</trim>" 终止。
	at org.springframework.beans.factory.annotation.AutowiredAnnotationBeanPostProcessor.postProcessPropertyValues(AutowiredAnnotationBeanPostProcessor.java:287) ~[spring-beans-3.1.2.RELEASE.jar:3.1.2.RELEASE]
	at org.springframework.beans.factory.support.AbstractAutowireCapableBeanFactory.populateBean(AbstractAutowireCapableBeanFactory.java:1106) ~[spring-beans-3.1.2.RELEASE.jar:3.1.2.RELEASE]
	at org.springframework.beans.factory.support.AbstractAutowireCapableBeanFactory.doCreateBean(AbstractAutowireCapableBeanFactory.java:517) ~[spring-beans-3.1.2.RELEASE.jar:3.1.2.RELEASE]
	at org.springframework.beans.factory.support.AbstractAutowireCapableBeanFactory.createBean(AbstractAutowireCapableBeanFactory.java:456) ~[spring-beans-3.1.2.RELEASE.jar:3.1.2.RELEASE]
	at org.springframework.beans.factory.support.AbstractBeanFactory$1.getObject(AbstractBeanFactory.java:294) ~[spring-beans-3.1.2.RELEASE.jar:3.1.2.RELEASE]
	at org.springframework.beans.factory.support.DefaultSingletonBeanRegistry.getSingleton(DefaultSingletonBeanRegistry.java:225) ~[spring-beans-3.1.2.RELEASE.jar:3.1.2.RELEASE]
	at org.springframework.beans.factory.support.AbstractBeanFactory.doGetBean(AbstractBeanFactory.java:291) ~[spring-beans-3.1.2.RELEASE.jar:3.1.2.RELEASE]
	at org.springframework.beans.factory.support.AbstractBeanFactory.getBean(AbstractBeanFactory.java:193) ~[spring-beans-3.1.2.RELEASE.jar:3.1.2.RELEASE]
	at org.springframework.beans.factory.support.BeanDefinitionValueResolver.resolveReference(BeanDefinitionValueResolver.java:322) ~[spring-beans-3.1.2.RELEASE.jar:3.1.2.RELEASE]
	... 26 common frames omitted
Caused by: org.springframework.beans.factory.BeanCreationException: Could not autowire field: private com.wzitech.Z7Bao.frontend.business.IFundManager com.wzitech.Z7Bao.frontend.service.impl.FundServiceImpl.fundManager; nested exception is org.springframework.beans.factory.BeanCreationException: Error creating bean with name 'FundManagerImpl': Injection of autowired dependencies failed; nested exception is org.springframework.beans.factory.BeanCreationException: Could not autowire field: private com.wzitech.gamegold.usermgmt.dao.rdb.ISevenBaoAccountDBDAO com.wzitech.Z7Bao.frontend.business.impl.FundManagerImpl.sevenBaoAccountDBDAO; nested exception is org.springframework.beans.factory.BeanCreationException: Error creating bean with name 'sevenBaoAccountDBDAOImpl': Injection of autowired dependencies failed; nested exception is org.springframework.beans.factory.BeanCreationException: Could not autowire method: public final void org.mybatis.spring.support.SqlSessionDaoSupport.setSqlSessionFactory(org.apache.ibatis.session.SqlSessionFactory); nested exception is org.springframework.beans.factory.BeanCreationException: Error creating bean with name 'sqlSessionFactory' defined in class path resource [META-INF/gold-facade-frontend-dao-context.xml]: Invocation of init method failed; nested exception is org.springframework.core.NestedIOException: Failed to parse mapping resource: 'URL [jar:file:/C:/Users/340096/.m2/repository/com/wzitech/7Bao/7Bao-manager/0.0.1-SNAPSHOT/7Bao-manager-0.0.1-SNAPSHOT.jar!/META-INF/mapper/ZbaoFundDetail.xml]'; nested exception is org.apache.ibatis.builder.BuilderException: Error creating document instance.  Cause: org.xml.sax.SAXParseException; lineNumber: 85; columnNumber: 5; 元素类型 "trim" 必须由匹配的结束标记 "</trim>" 终止。
	at org.springframework.beans.factory.annotation.AutowiredAnnotationBeanPostProcessor$AutowiredFieldElement.inject(AutowiredAnnotationBeanPostProcessor.java:506) ~[spring-beans-3.1.2.RELEASE.jar:3.1.2.RELEASE]
	at org.springframework.beans.factory.annotation.InjectionMetadata.inject(InjectionMetadata.java:87) ~[spring-beans-3.1.2.RELEASE.jar:3.1.2.RELEASE]
	at org.springframework.beans.factory.annotation.AutowiredAnnotationBeanPostProcessor.postProcessPropertyValues(AutowiredAnnotationBeanPostProcessor.java:284) ~[spring-beans-3.1.2.RELEASE.jar:3.1.2.RELEASE]
	... 34 common frames omitted
Caused by: org.springframework.beans.factory.BeanCreationException: Error creating bean with name 'FundManagerImpl': Injection of autowired dependencies failed; nested exception is org.springframework.beans.factory.BeanCreationException: Could not autowire field: private com.wzitech.gamegold.usermgmt.dao.rdb.ISevenBaoAccountDBDAO com.wzitech.Z7Bao.frontend.business.impl.FundManagerImpl.sevenBaoAccountDBDAO; nested exception is org.springframework.beans.factory.BeanCreationException: Error creating bean with name 'sevenBaoAccountDBDAOImpl': Injection of autowired dependencies failed; nested exception is org.springframework.beans.factory.BeanCreationException: Could not autowire method: public final void org.mybatis.spring.support.SqlSessionDaoSupport.setSqlSessionFactory(org.apache.ibatis.session.SqlSessionFactory); nested exception is org.springframework.beans.factory.BeanCreationException: Error creating bean with name 'sqlSessionFactory' defined in class path resource [META-INF/gold-facade-frontend-dao-context.xml]: Invocation of init method failed; nested exception is org.springframework.core.NestedIOException: Failed to parse mapping resource: 'URL [jar:file:/C:/Users/340096/.m2/repository/com/wzitech/7Bao/7Bao-manager/0.0.1-SNAPSHOT/7Bao-manager-0.0.1-SNAPSHOT.jar!/META-INF/mapper/ZbaoFundDetail.xml]'; nested exception is org.apache.ibatis.builder.BuilderException: Error creating document instance.  Cause: org.xml.sax.SAXParseException; lineNumber: 85; columnNumber: 5; 元素类型 "trim" 必须由匹配的结束标记 "</trim>" 终止。
	at org.springframework.beans.factory.annotation.AutowiredAnnotationBeanPostProcessor.postProcessPropertyValues(AutowiredAnnotationBeanPostProcessor.java:287) ~[spring-beans-3.1.2.RELEASE.jar:3.1.2.RELEASE]
	at org.springframework.beans.factory.support.AbstractAutowireCapableBeanFactory.populateBean(AbstractAutowireCapableBeanFactory.java:1106) ~[spring-beans-3.1.2.RELEASE.jar:3.1.2.RELEASE]
	at org.springframework.beans.factory.support.AbstractAutowireCapableBeanFactory.doCreateBean(AbstractAutowireCapableBeanFactory.java:517) ~[spring-beans-3.1.2.RELEASE.jar:3.1.2.RELEASE]
	at org.springframework.beans.factory.support.AbstractAutowireCapableBeanFactory.createBean(AbstractAutowireCapableBeanFactory.java:456) ~[spring-beans-3.1.2.RELEASE.jar:3.1.2.RELEASE]
	at org.springframework.beans.factory.support.AbstractBeanFactory$1.getObject(AbstractBeanFactory.java:294) ~[spring-beans-3.1.2.RELEASE.jar:3.1.2.RELEASE]
	at org.springframework.beans.factory.support.DefaultSingletonBeanRegistry.getSingleton(DefaultSingletonBeanRegistry.java:225) ~[spring-beans-3.1.2.RELEASE.jar:3.1.2.RELEASE]
	at org.springframework.beans.factory.support.AbstractBeanFactory.doGetBean(AbstractBeanFactory.java:291) ~[spring-beans-3.1.2.RELEASE.jar:3.1.2.RELEASE]
	at org.springframework.beans.factory.support.AbstractBeanFactory.getBean(AbstractBeanFactory.java:193) ~[spring-beans-3.1.2.RELEASE.jar:3.1.2.RELEASE]
	at org.springframework.beans.factory.support.DefaultListableBeanFactory.findAutowireCandidates(DefaultListableBeanFactory.java:876) ~[spring-beans-3.1.2.RELEASE.jar:3.1.2.RELEASE]
	at org.springframework.beans.factory.support.DefaultListableBeanFactory.doResolveDependency(DefaultListableBeanFactory.java:818) ~[spring-beans-3.1.2.RELEASE.jar:3.1.2.RELEASE]
	at org.springframework.beans.factory.support.DefaultListableBeanFactory.resolveDependency(DefaultListableBeanFactory.java:735) ~[spring-beans-3.1.2.RELEASE.jar:3.1.2.RELEASE]
	at org.springframework.beans.factory.annotation.AutowiredAnnotationBeanPostProcessor$AutowiredFieldElement.inject(AutowiredAnnotationBeanPostProcessor.java:478) ~[spring-beans-3.1.2.RELEASE.jar:3.1.2.RELEASE]
	... 36 common frames omitted
Caused by: org.springframework.beans.factory.BeanCreationException: Could not autowire field: private com.wzitech.gamegold.usermgmt.dao.rdb.ISevenBaoAccountDBDAO com.wzitech.Z7Bao.frontend.business.impl.FundManagerImpl.sevenBaoAccountDBDAO; nested exception is org.springframework.beans.factory.BeanCreationException: Error creating bean with name 'sevenBaoAccountDBDAOImpl': Injection of autowired dependencies failed; nested exception is org.springframework.beans.factory.BeanCreationException: Could not autowire method: public final void org.mybatis.spring.support.SqlSessionDaoSupport.setSqlSessionFactory(org.apache.ibatis.session.SqlSessionFactory); nested exception is org.springframework.beans.factory.BeanCreationException: Error creating bean with name 'sqlSessionFactory' defined in class path resource [META-INF/gold-facade-frontend-dao-context.xml]: Invocation of init method failed; nested exception is org.springframework.core.NestedIOException: Failed to parse mapping resource: 'URL [jar:file:/C:/Users/340096/.m2/repository/com/wzitech/7Bao/7Bao-manager/0.0.1-SNAPSHOT/7Bao-manager-0.0.1-SNAPSHOT.jar!/META-INF/mapper/ZbaoFundDetail.xml]'; nested exception is org.apache.ibatis.builder.BuilderException: Error creating document instance.  Cause: org.xml.sax.SAXParseException; lineNumber: 85; columnNumber: 5; 元素类型 "trim" 必须由匹配的结束标记 "</trim>" 终止。
	at org.springframework.beans.factory.annotation.AutowiredAnnotationBeanPostProcessor$AutowiredFieldElement.inject(AutowiredAnnotationBeanPostProcessor.java:506) ~[spring-beans-3.1.2.RELEASE.jar:3.1.2.RELEASE]
	at org.springframework.beans.factory.annotation.InjectionMetadata.inject(InjectionMetadata.java:87) ~[spring-beans-3.1.2.RELEASE.jar:3.1.2.RELEASE]
	at org.springframework.beans.factory.annotation.AutowiredAnnotationBeanPostProcessor.postProcessPropertyValues(AutowiredAnnotationBeanPostProcessor.java:284) ~[spring-beans-3.1.2.RELEASE.jar:3.1.2.RELEASE]
	... 47 common frames omitted
Caused by: org.springframework.beans.factory.BeanCreationException: Error creating bean with name 'sevenBaoAccountDBDAOImpl': Injection of autowired dependencies failed; nested exception is org.springframework.beans.factory.BeanCreationException: Could not autowire method: public final void org.mybatis.spring.support.SqlSessionDaoSupport.setSqlSessionFactory(org.apache.ibatis.session.SqlSessionFactory); nested exception is org.springframework.beans.factory.BeanCreationException: Error creating bean with name 'sqlSessionFactory' defined in class path resource [META-INF/gold-facade-frontend-dao-context.xml]: Invocation of init method failed; nested exception is org.springframework.core.NestedIOException: Failed to parse mapping resource: 'URL [jar:file:/C:/Users/340096/.m2/repository/com/wzitech/7Bao/7Bao-manager/0.0.1-SNAPSHOT/7Bao-manager-0.0.1-SNAPSHOT.jar!/META-INF/mapper/ZbaoFundDetail.xml]'; nested exception is org.apache.ibatis.builder.BuilderException: Error creating document instance.  Cause: org.xml.sax.SAXParseException; lineNumber: 85; columnNumber: 5; 元素类型 "trim" 必须由匹配的结束标记 "</trim>" 终止。
	at org.springframework.beans.factory.annotation.AutowiredAnnotationBeanPostProcessor.postProcessPropertyValues(AutowiredAnnotationBeanPostProcessor.java:287) ~[spring-beans-3.1.2.RELEASE.jar:3.1.2.RELEASE]
	at org.springframework.beans.factory.support.AbstractAutowireCapableBeanFactory.populateBean(AbstractAutowireCapableBeanFactory.java:1106) ~[spring-beans-3.1.2.RELEASE.jar:3.1.2.RELEASE]
	at org.springframework.beans.factory.support.AbstractAutowireCapableBeanFactory.doCreateBean(AbstractAutowireCapableBeanFactory.java:517) ~[spring-beans-3.1.2.RELEASE.jar:3.1.2.RELEASE]
	at org.springframework.beans.factory.support.AbstractAutowireCapableBeanFactory.createBean(AbstractAutowireCapableBeanFactory.java:456) ~[spring-beans-3.1.2.RELEASE.jar:3.1.2.RELEASE]
	at org.springframework.beans.factory.support.AbstractBeanFactory$1.getObject(AbstractBeanFactory.java:294) ~[spring-beans-3.1.2.RELEASE.jar:3.1.2.RELEASE]
	at org.springframework.beans.factory.support.DefaultSingletonBeanRegistry.getSingleton(DefaultSingletonBeanRegistry.java:225) ~[spring-beans-3.1.2.RELEASE.jar:3.1.2.RELEASE]
	at org.springframework.beans.factory.support.AbstractBeanFactory.doGetBean(AbstractBeanFactory.java:291) ~[spring-beans-3.1.2.RELEASE.jar:3.1.2.RELEASE]
	at org.springframework.beans.factory.support.AbstractBeanFactory.getBean(AbstractBeanFactory.java:193) ~[spring-beans-3.1.2.RELEASE.jar:3.1.2.RELEASE]
	at org.springframework.beans.factory.support.DefaultListableBeanFactory.findAutowireCandidates(DefaultListableBeanFactory.java:876) ~[spring-beans-3.1.2.RELEASE.jar:3.1.2.RELEASE]
	at org.springframework.beans.factory.support.DefaultListableBeanFactory.doResolveDependency(DefaultListableBeanFactory.java:818) ~[spring-beans-3.1.2.RELEASE.jar:3.1.2.RELEASE]
	at org.springframework.beans.factory.support.DefaultListableBeanFactory.resolveDependency(DefaultListableBeanFactory.java:735) ~[spring-beans-3.1.2.RELEASE.jar:3.1.2.RELEASE]
	at org.springframework.beans.factory.annotation.AutowiredAnnotationBeanPostProcessor$AutowiredFieldElement.inject(AutowiredAnnotationBeanPostProcessor.java:478) ~[spring-beans-3.1.2.RELEASE.jar:3.1.2.RELEASE]
	... 49 common frames omitted
Caused by: org.springframework.beans.factory.BeanCreationException: Could not autowire method: public final void org.mybatis.spring.support.SqlSessionDaoSupport.setSqlSessionFactory(org.apache.ibatis.session.SqlSessionFactory); nested exception is org.springframework.beans.factory.BeanCreationException: Error creating bean with name 'sqlSessionFactory' defined in class path resource [META-INF/gold-facade-frontend-dao-context.xml]: Invocation of init method failed; nested exception is org.springframework.core.NestedIOException: Failed to parse mapping resource: 'URL [jar:file:/C:/Users/340096/.m2/repository/com/wzitech/7Bao/7Bao-manager/0.0.1-SNAPSHOT/7Bao-manager-0.0.1-SNAPSHOT.jar!/META-INF/mapper/ZbaoFundDetail.xml]'; nested exception is org.apache.ibatis.builder.BuilderException: Error creating document instance.  Cause: org.xml.sax.SAXParseException; lineNumber: 85; columnNumber: 5; 元素类型 "trim" 必须由匹配的结束标记 "</trim>" 终止。
	at org.springframework.beans.factory.annotation.AutowiredAnnotationBeanPostProcessor$AutowiredMethodElement.inject(AutowiredAnnotationBeanPostProcessor.java:593) ~[spring-beans-3.1.2.RELEASE.jar:3.1.2.RELEASE]
	at org.springframework.beans.factory.annotation.InjectionMetadata.inject(InjectionMetadata.java:87) ~[spring-beans-3.1.2.RELEASE.jar:3.1.2.RELEASE]
	at org.springframework.beans.factory.annotation.AutowiredAnnotationBeanPostProcessor.postProcessPropertyValues(AutowiredAnnotationBeanPostProcessor.java:284) ~[spring-beans-3.1.2.RELEASE.jar:3.1.2.RELEASE]
	... 60 common frames omitted
Caused by: org.springframework.beans.factory.BeanCreationException: Error creating bean with name 'sqlSessionFactory' defined in class path resource [META-INF/gold-facade-frontend-dao-context.xml]: Invocation of init method failed; nested exception is org.springframework.core.NestedIOException: Failed to parse mapping resource: 'URL [jar:file:/C:/Users/340096/.m2/repository/com/wzitech/7Bao/7Bao-manager/0.0.1-SNAPSHOT/7Bao-manager-0.0.1-SNAPSHOT.jar!/META-INF/mapper/ZbaoFundDetail.xml]'; nested exception is org.apache.ibatis.builder.BuilderException: Error creating document instance.  Cause: org.xml.sax.SAXParseException; lineNumber: 85; columnNumber: 5; 元素类型 "trim" 必须由匹配的结束标记 "</trim>" 终止。
	at org.springframework.beans.factory.support.AbstractAutowireCapableBeanFactory.initializeBean(AbstractAutowireCapableBeanFactory.java:1455) ~[spring-beans-3.1.2.RELEASE.jar:3.1.2.RELEASE]
	at org.springframework.beans.factory.support.AbstractAutowireCapableBeanFactory.doCreateBean(AbstractAutowireCapableBeanFactory.java:519) ~[spring-beans-3.1.2.RELEASE.jar:3.1.2.RELEASE]
	at org.springframework.beans.factory.support.AbstractAutowireCapableBeanFactory.createBean(AbstractAutowireCapableBeanFactory.java:456) ~[spring-beans-3.1.2.RELEASE.jar:3.1.2.RELEASE]
	at org.springframework.beans.factory.support.AbstractBeanFactory$1.getObject(AbstractBeanFactory.java:294) ~[spring-beans-3.1.2.RELEASE.jar:3.1.2.RELEASE]
	at org.springframework.beans.factory.support.DefaultSingletonBeanRegistry.getSingleton(DefaultSingletonBeanRegistry.java:225) ~[spring-beans-3.1.2.RELEASE.jar:3.1.2.RELEASE]
	at org.springframework.beans.factory.support.AbstractBeanFactory.doGetBean(AbstractBeanFactory.java:291) ~[spring-beans-3.1.2.RELEASE.jar:3.1.2.RELEASE]
	at org.springframework.beans.factory.support.AbstractBeanFactory.getBean(AbstractBeanFactory.java:193) ~[spring-beans-3.1.2.RELEASE.jar:3.1.2.RELEASE]
	at org.springframework.beans.factory.support.DefaultListableBeanFactory.findAutowireCandidates(DefaultListableBeanFactory.java:876) ~[spring-beans-3.1.2.RELEASE.jar:3.1.2.RELEASE]
	at org.springframework.beans.factory.support.DefaultListableBeanFactory.doResolveDependency(DefaultListableBeanFactory.java:818) ~[spring-beans-3.1.2.RELEASE.jar:3.1.2.RELEASE]
	at org.springframework.beans.factory.support.DefaultListableBeanFactory.resolveDependency(DefaultListableBeanFactory.java:735) ~[spring-beans-3.1.2.RELEASE.jar:3.1.2.RELEASE]
	at org.springframework.beans.factory.annotation.AutowiredAnnotationBeanPostProcessor$AutowiredMethodElement.inject(AutowiredAnnotationBeanPostProcessor.java:551) ~[spring-beans-3.1.2.RELEASE.jar:3.1.2.RELEASE]
	... 62 common frames omitted
Caused by: org.springframework.core.NestedIOException: Failed to parse mapping resource: 'URL [jar:file:/C:/Users/340096/.m2/repository/com/wzitech/7Bao/7Bao-manager/0.0.1-SNAPSHOT/7Bao-manager-0.0.1-SNAPSHOT.jar!/META-INF/mapper/ZbaoFundDetail.xml]'; nested exception is org.apache.ibatis.builder.BuilderException: Error creating document instance.  Cause: org.xml.sax.SAXParseException; lineNumber: 85; columnNumber: 5; 元素类型 "trim" 必须由匹配的结束标记 "</trim>" 终止。
	at org.mybatis.spring.SqlSessionFactoryBean.buildSqlSessionFactory(SqlSessionFactoryBean.java:412) ~[mybatis-spring-1.1.0.jar:1.1.0]
	at org.mybatis.spring.SqlSessionFactoryBean.afterPropertiesSet(SqlSessionFactoryBean.java:295) ~[mybatis-spring-1.1.0.jar:1.1.0]
	at org.springframework.beans.factory.support.AbstractAutowireCapableBeanFactory.invokeInitMethods(AbstractAutowireCapableBeanFactory.java:1514) ~[spring-beans-3.1.2.RELEASE.jar:3.1.2.RELEASE]
	at org.springframework.beans.factory.support.AbstractAutowireCapableBeanFactory.initializeBean(AbstractAutowireCapableBeanFactory.java:1452) ~[spring-beans-3.1.2.RELEASE.jar:3.1.2.RELEASE]
	... 72 common frames omitted
Caused by: org.apache.ibatis.builder.BuilderException: Error creating document instance.  Cause: org.xml.sax.SAXParseException; lineNumber: 85; columnNumber: 5; 元素类型 "trim" 必须由匹配的结束标记 "</trim>" 终止。
	at org.apache.ibatis.parsing.XPathParser.createDocument(XPathParser.java:253) ~[mybatis-3.1.0.jar:3.1.0]
	at org.apache.ibatis.parsing.XPathParser.<init>(XPathParser.java:122) ~[mybatis-3.1.0.jar:3.1.0]
	at org.apache.ibatis.builder.xml.XMLMapperBuilder.<init>(XMLMapperBuilder.java:74) ~[mybatis-3.1.0.jar:3.1.0]
	at org.mybatis.spring.SqlSessionFactoryBean.buildSqlSessionFactory(SqlSessionFactoryBean.java:408) ~[mybatis-spring-1.1.0.jar:1.1.0]
	... 75 common frames omitted
Caused by: org.xml.sax.SAXParseException: 元素类型 "trim" 必须由匹配的结束标记 "</trim>" 终止。
	at com.sun.org.apache.xerces.internal.util.ErrorHandlerWrapper.createSAXParseException(ErrorHandlerWrapper.java:203) ~[na:1.8.0_121]
	at com.sun.org.apache.xerces.internal.util.ErrorHandlerWrapper.fatalError(ErrorHandlerWrapper.java:177) ~[na:1.8.0_121]
	at com.sun.org.apache.xerces.internal.impl.XMLErrorReporter.reportError(XMLErrorReporter.java:400) ~[na:1.8.0_121]
	at com.sun.org.apache.xerces.internal.impl.XMLErrorReporter.reportError(XMLErrorReporter.java:327) ~[na:1.8.0_121]
	at com.sun.org.apache.xerces.internal.impl.XMLScanner.reportFatalError(XMLScanner.java:1472) ~[na:1.8.0_121]
	at com.sun.org.apache.xerces.internal.impl.XMLDocumentFragmentScannerImpl.scanEndElement(XMLDocumentFragmentScannerImpl.java:1749) ~[na:1.8.0_121]
	at com.sun.org.apache.xerces.internal.impl.XMLDocumentFragmentScannerImpl$FragmentContentDriver.next(XMLDocumentFragmentScannerImpl.java:2967) ~[na:1.8.0_121]
	at com.sun.org.apache.xerces.internal.impl.XMLDocumentScannerImpl.next(XMLDocumentScannerImpl.java:602) ~[na:1.8.0_121]
	at com.sun.org.apache.xerces.internal.impl.XMLDocumentFragmentScannerImpl.scanDocument(XMLDocumentFragmentScannerImpl.java:505) ~[na:1.8.0_121]
	at com.sun.org.apache.xerces.internal.parsers.XML11Configuration.parse(XML11Configuration.java:841) ~[na:1.8.0_121]
	at com.sun.org.apache.xerces.internal.parsers.XML11Configuration.parse(XML11Configuration.java:770) ~[na:1.8.0_121]
	at com.sun.org.apache.xerces.internal.parsers.XMLParser.parse(XMLParser.java:141) ~[na:1.8.0_121]
	at com.sun.org.apache.xerces.internal.parsers.DOMParser.parse(DOMParser.java:243) ~[na:1.8.0_121]
	at com.sun.org.apache.xerces.internal.jaxp.DocumentBuilderImpl.parse(DocumentBuilderImpl.java:339) ~[na:1.8.0_121]
	at org.apache.ibatis.parsing.XPathParser.createDocument(XPathParser.java:251) ~[mybatis-3.1.0.jar:3.1.0]
	... 78 common frames omitted
2017-08-21 13:45:33,972 [ERROR] o.s.web.context.ContextLoader - Context initialization failed
org.springframework.beans.factory.BeanCreationException: Error creating bean with name 'RESTService': Cannot resolve reference to bean 'FundService' while setting bean property 'serviceBeans' with key [2]; nested exception is org.springframework.beans.factory.BeanCreationException: Error creating bean with name 'FundService': Injection of autowired dependencies failed; nested exception is org.springframework.beans.factory.BeanCreationException: Could not autowire field: private com.wzitech.Z7Bao.frontend.business.IFundManager com.wzitech.Z7Bao.frontend.service.impl.FundServiceImpl.fundManager; nested exception is org.springframework.beans.factory.BeanCreationException: Error creating bean with name 'FundManagerImpl': Injection of autowired dependencies failed; nested exception is org.springframework.beans.factory.BeanCreationException: Could not autowire field: private com.wzitech.gamegold.usermgmt.dao.rdb.ISevenBaoAccountDBDAO com.wzitech.Z7Bao.frontend.business.impl.FundManagerImpl.sevenBaoAccountDBDAO; nested exception is org.springframework.beans.factory.BeanCreationException: Error creating bean with name 'sevenBaoAccountDBDAOImpl': Injection of autowired dependencies failed; nested exception is org.springframework.beans.factory.BeanCreationException: Could not autowire method: public final void org.mybatis.spring.support.SqlSessionDaoSupport.setSqlSessionFactory(org.apache.ibatis.session.SqlSessionFactory); nested exception is org.springframework.beans.factory.BeanCreationException: Error creating bean with name 'sqlSessionFactory' defined in class path resource [META-INF/gold-facade-frontend-dao-context.xml]: Invocation of init method failed; nested exception is org.springframework.core.NestedIOException: Failed to parse mapping resource: 'URL [jar:file:/C:/Users/340096/.m2/repository/com/wzitech/7Bao/7Bao-manager/0.0.1-SNAPSHOT/7Bao-manager-0.0.1-SNAPSHOT.jar!/META-INF/mapper/ZbaoFundDetail.xml]'; nested exception is org.apache.ibatis.builder.BuilderException: Error creating document instance.  Cause: org.xml.sax.SAXParseException; lineNumber: 85; columnNumber: 5; 元素类型 "trim" 必须由匹配的结束标记 "</trim>" 终止。
	at org.springframework.beans.factory.support.BeanDefinitionValueResolver.resolveReference(BeanDefinitionValueResolver.java:328) ~[spring-beans-3.1.2.RELEASE.jar:3.1.2.RELEASE]
	at org.springframework.beans.factory.support.BeanDefinitionValueResolver.resolveValueIfNecessary(BeanDefinitionValueResolver.java:106) ~[spring-beans-3.1.2.RELEASE.jar:3.1.2.RELEASE]
	at org.springframework.beans.factory.support.BeanDefinitionValueResolver.resolveManagedList(BeanDefinitionValueResolver.java:353) ~[spring-beans-3.1.2.RELEASE.jar:3.1.2.RELEASE]
	at org.springframework.beans.factory.support.BeanDefinitionValueResolver.resolveValueIfNecessary(BeanDefinitionValueResolver.java:153) ~[spring-beans-3.1.2.RELEASE.jar:3.1.2.RELEASE]
	at org.springframework.beans.factory.support.AbstractAutowireCapableBeanFactory.applyPropertyValues(AbstractAutowireCapableBeanFactory.java:1360) ~[spring-beans-3.1.2.RELEASE.jar:3.1.2.RELEASE]
	at org.springframework.beans.factory.support.AbstractAutowireCapableBeanFactory.populateBean(AbstractAutowireCapableBeanFactory.java:1118) ~[spring-beans-3.1.2.RELEASE.jar:3.1.2.RELEASE]
	at org.springframework.beans.factory.support.AbstractAutowireCapableBeanFactory.doCreateBean(AbstractAutowireCapableBeanFactory.java:517) ~[spring-beans-3.1.2.RELEASE.jar:3.1.2.RELEASE]
	at org.springframework.beans.factory.support.AbstractAutowireCapableBeanFactory.createBean(AbstractAutowireCapableBeanFactory.java:456) ~[spring-beans-3.1.2.RELEASE.jar:3.1.2.RELEASE]
	at org.springframework.beans.factory.support.AbstractBeanFactory$1.getObject(AbstractBeanFactory.java:294) ~[spring-beans-3.1.2.RELEASE.jar:3.1.2.RELEASE]
	at org.springframework.beans.factory.support.DefaultSingletonBeanRegistry.getSingleton(DefaultSingletonBeanRegistry.java:225) ~[spring-beans-3.1.2.RELEASE.jar:3.1.2.RELEASE]
	at org.springframework.beans.factory.support.AbstractBeanFactory.doGetBean(AbstractBeanFactory.java:291) ~[spring-beans-3.1.2.RELEASE.jar:3.1.2.RELEASE]
	at org.springframework.beans.factory.support.AbstractBeanFactory.getBean(AbstractBeanFactory.java:193) ~[spring-beans-3.1.2.RELEASE.jar:3.1.2.RELEASE]
	at org.springframework.beans.factory.support.DefaultListableBeanFactory.preInstantiateSingletons(DefaultListableBeanFactory.java:609) ~[spring-beans-3.1.2.RELEASE.jar:3.1.2.RELEASE]
	at org.springframework.context.support.AbstractApplicationContext.finishBeanFactoryInitialization(AbstractApplicationContext.java:918) ~[spring-context-3.1.2.RELEASE.jar:3.1.2.RELEASE]
	at org.springframework.context.support.AbstractApplicationContext.refresh(AbstractApplicationContext.java:469) ~[spring-context-3.1.2.RELEASE.jar:3.1.2.RELEASE]
	at org.springframework.web.context.ContextLoader.configureAndRefreshWebApplicationContext(ContextLoader.java:383) ~[spring-web-3.1.2.RELEASE.jar:3.1.2.RELEASE]
	at org.springframework.web.context.ContextLoader.initWebApplicationContext(ContextLoader.java:283) ~[spring-web-3.1.2.RELEASE.jar:3.1.2.RELEASE]
	at org.springframework.web.context.ContextLoaderListener.contextInitialized(ContextLoaderListener.java:111) [spring-web-3.1.2.RELEASE.jar:3.1.2.RELEASE]
	at org.apache.catalina.core.StandardContext.listenerStart(StandardContext.java:4797) [tomcat-embed-core-7.0.37.jar:7.0.37]
	at org.apache.catalina.core.StandardContext.startInternal(StandardContext.java:5291) [tomcat-embed-core-7.0.37.jar:7.0.37]
	at org.apache.catalina.util.LifecycleBase.start(LifecycleBase.java:150) [tomcat-embed-core-7.0.37.jar:7.0.37]
	at org.apache.catalina.core.ContainerBase$StartChild.call(ContainerBase.java:1559) [tomcat-embed-core-7.0.37.jar:7.0.37]
	at org.apache.catalina.core.ContainerBase$StartChild.call(ContainerBase.java:1549) [tomcat-embed-core-7.0.37.jar:7.0.37]
	at java.util.concurrent.FutureTask.run(FutureTask.java:266) [na:1.8.0_121]
	at java.util.concurrent.ThreadPoolExecutor.runWorker(ThreadPoolExecutor.java:1142) [na:1.8.0_121]
	at java.util.concurrent.ThreadPoolExecutor$Worker.run(ThreadPoolExecutor.java:617) [na:1.8.0_121]
	at java.lang.Thread.run(Thread.java:745) [na:1.8.0_121]
Caused by: org.springframework.beans.factory.BeanCreationException: Error creating bean with name 'FundService': Injection of autowired dependencies failed; nested exception is org.springframework.beans.factory.BeanCreationException: Could not autowire field: private com.wzitech.Z7Bao.frontend.business.IFundManager com.wzitech.Z7Bao.frontend.service.impl.FundServiceImpl.fundManager; nested exception is org.springframework.beans.factory.BeanCreationException: Error creating bean with name 'FundManagerImpl': Injection of autowired dependencies failed; nested exception is org.springframework.beans.factory.BeanCreationException: Could not autowire field: private com.wzitech.gamegold.usermgmt.dao.rdb.ISevenBaoAccountDBDAO com.wzitech.Z7Bao.frontend.business.impl.FundManagerImpl.sevenBaoAccountDBDAO; nested exception is org.springframework.beans.factory.BeanCreationException: Error creating bean with name 'sevenBaoAccountDBDAOImpl': Injection of autowired dependencies failed; nested exception is org.springframework.beans.factory.BeanCreationException: Could not autowire method: public final void org.mybatis.spring.support.SqlSessionDaoSupport.setSqlSessionFactory(org.apache.ibatis.session.SqlSessionFactory); nested exception is org.springframework.beans.factory.BeanCreationException: Error creating bean with name 'sqlSessionFactory' defined in class path resource [META-INF/gold-facade-frontend-dao-context.xml]: Invocation of init method failed; nested exception is org.springframework.core.NestedIOException: Failed to parse mapping resource: 'URL [jar:file:/C:/Users/340096/.m2/repository/com/wzitech/7Bao/7Bao-manager/0.0.1-SNAPSHOT/7Bao-manager-0.0.1-SNAPSHOT.jar!/META-INF/mapper/ZbaoFundDetail.xml]'; nested exception is org.apache.ibatis.builder.BuilderException: Error creating document instance.  Cause: org.xml.sax.SAXParseException; lineNumber: 85; columnNumber: 5; 元素类型 "trim" 必须由匹配的结束标记 "</trim>" 终止。
	at org.springframework.beans.factory.annotation.AutowiredAnnotationBeanPostProcessor.postProcessPropertyValues(AutowiredAnnotationBeanPostProcessor.java:287) ~[spring-beans-3.1.2.RELEASE.jar:3.1.2.RELEASE]
	at org.springframework.beans.factory.support.AbstractAutowireCapableBeanFactory.populateBean(AbstractAutowireCapableBeanFactory.java:1106) ~[spring-beans-3.1.2.RELEASE.jar:3.1.2.RELEASE]
	at org.springframework.beans.factory.support.AbstractAutowireCapableBeanFactory.doCreateBean(AbstractAutowireCapableBeanFactory.java:517) ~[spring-beans-3.1.2.RELEASE.jar:3.1.2.RELEASE]
	at org.springframework.beans.factory.support.AbstractAutowireCapableBeanFactory.createBean(AbstractAutowireCapableBeanFactory.java:456) ~[spring-beans-3.1.2.RELEASE.jar:3.1.2.RELEASE]
	at org.springframework.beans.factory.support.AbstractBeanFactory$1.getObject(AbstractBeanFactory.java:294) ~[spring-beans-3.1.2.RELEASE.jar:3.1.2.RELEASE]
	at org.springframework.beans.factory.support.DefaultSingletonBeanRegistry.getSingleton(DefaultSingletonBeanRegistry.java:225) ~[spring-beans-3.1.2.RELEASE.jar:3.1.2.RELEASE]
	at org.springframework.beans.factory.support.AbstractBeanFactory.doGetBean(AbstractBeanFactory.java:291) ~[spring-beans-3.1.2.RELEASE.jar:3.1.2.RELEASE]
	at org.springframework.beans.factory.support.AbstractBeanFactory.getBean(AbstractBeanFactory.java:193) ~[spring-beans-3.1.2.RELEASE.jar:3.1.2.RELEASE]
	at org.springframework.beans.factory.support.BeanDefinitionValueResolver.resolveReference(BeanDefinitionValueResolver.java:322) ~[spring-beans-3.1.2.RELEASE.jar:3.1.2.RELEASE]
	... 26 common frames omitted
Caused by: org.springframework.beans.factory.BeanCreationException: Could not autowire field: private com.wzitech.Z7Bao.frontend.business.IFundManager com.wzitech.Z7Bao.frontend.service.impl.FundServiceImpl.fundManager; nested exception is org.springframework.beans.factory.BeanCreationException: Error creating bean with name 'FundManagerImpl': Injection of autowired dependencies failed; nested exception is org.springframework.beans.factory.BeanCreationException: Could not autowire field: private com.wzitech.gamegold.usermgmt.dao.rdb.ISevenBaoAccountDBDAO com.wzitech.Z7Bao.frontend.business.impl.FundManagerImpl.sevenBaoAccountDBDAO; nested exception is org.springframework.beans.factory.BeanCreationException: Error creating bean with name 'sevenBaoAccountDBDAOImpl': Injection of autowired dependencies failed; nested exception is org.springframework.beans.factory.BeanCreationException: Could not autowire method: public final void org.mybatis.spring.support.SqlSessionDaoSupport.setSqlSessionFactory(org.apache.ibatis.session.SqlSessionFactory); nested exception is org.springframework.beans.factory.BeanCreationException: Error creating bean with name 'sqlSessionFactory' defined in class path resource [META-INF/gold-facade-frontend-dao-context.xml]: Invocation of init method failed; nested exception is org.springframework.core.NestedIOException: Failed to parse mapping resource: 'URL [jar:file:/C:/Users/340096/.m2/repository/com/wzitech/7Bao/7Bao-manager/0.0.1-SNAPSHOT/7Bao-manager-0.0.1-SNAPSHOT.jar!/META-INF/mapper/ZbaoFundDetail.xml]'; nested exception is org.apache.ibatis.builder.BuilderException: Error creating document instance.  Cause: org.xml.sax.SAXParseException; lineNumber: 85; columnNumber: 5; 元素类型 "trim" 必须由匹配的结束标记 "</trim>" 终止。
	at org.springframework.beans.factory.annotation.AutowiredAnnotationBeanPostProcessor$AutowiredFieldElement.inject(AutowiredAnnotationBeanPostProcessor.java:506) ~[spring-beans-3.1.2.RELEASE.jar:3.1.2.RELEASE]
	at org.springframework.beans.factory.annotation.InjectionMetadata.inject(InjectionMetadata.java:87) ~[spring-beans-3.1.2.RELEASE.jar:3.1.2.RELEASE]
	at org.springframework.beans.factory.annotation.AutowiredAnnotationBeanPostProcessor.postProcessPropertyValues(AutowiredAnnotationBeanPostProcessor.java:284) ~[spring-beans-3.1.2.RELEASE.jar:3.1.2.RELEASE]
	... 34 common frames omitted
Caused by: org.springframework.beans.factory.BeanCreationException: Error creating bean with name 'FundManagerImpl': Injection of autowired dependencies failed; nested exception is org.springframework.beans.factory.BeanCreationException: Could not autowire field: private com.wzitech.gamegold.usermgmt.dao.rdb.ISevenBaoAccountDBDAO com.wzitech.Z7Bao.frontend.business.impl.FundManagerImpl.sevenBaoAccountDBDAO; nested exception is org.springframework.beans.factory.BeanCreationException: Error creating bean with name 'sevenBaoAccountDBDAOImpl': Injection of autowired dependencies failed; nested exception is org.springframework.beans.factory.BeanCreationException: Could not autowire method: public final void org.mybatis.spring.support.SqlSessionDaoSupport.setSqlSessionFactory(org.apache.ibatis.session.SqlSessionFactory); nested exception is org.springframework.beans.factory.BeanCreationException: Error creating bean with name 'sqlSessionFactory' defined in class path resource [META-INF/gold-facade-frontend-dao-context.xml]: Invocation of init method failed; nested exception is org.springframework.core.NestedIOException: Failed to parse mapping resource: 'URL [jar:file:/C:/Users/340096/.m2/repository/com/wzitech/7Bao/7Bao-manager/0.0.1-SNAPSHOT/7Bao-manager-0.0.1-SNAPSHOT.jar!/META-INF/mapper/ZbaoFundDetail.xml]'; nested exception is org.apache.ibatis.builder.BuilderException: Error creating document instance.  Cause: org.xml.sax.SAXParseException; lineNumber: 85; columnNumber: 5; 元素类型 "trim" 必须由匹配的结束标记 "</trim>" 终止。
	at org.springframework.beans.factory.annotation.AutowiredAnnotationBeanPostProcessor.postProcessPropertyValues(AutowiredAnnotationBeanPostProcessor.java:287) ~[spring-beans-3.1.2.RELEASE.jar:3.1.2.RELEASE]
	at org.springframework.beans.factory.support.AbstractAutowireCapableBeanFactory.populateBean(AbstractAutowireCapableBeanFactory.java:1106) ~[spring-beans-3.1.2.RELEASE.jar:3.1.2.RELEASE]
	at org.springframework.beans.factory.support.AbstractAutowireCapableBeanFactory.doCreateBean(AbstractAutowireCapableBeanFactory.java:517) ~[spring-beans-3.1.2.RELEASE.jar:3.1.2.RELEASE]
	at org.springframework.beans.factory.support.AbstractAutowireCapableBeanFactory.createBean(AbstractAutowireCapableBeanFactory.java:456) ~[spring-beans-3.1.2.RELEASE.jar:3.1.2.RELEASE]
	at org.springframework.beans.factory.support.AbstractBeanFactory$1.getObject(AbstractBeanFactory.java:294) ~[spring-beans-3.1.2.RELEASE.jar:3.1.2.RELEASE]
	at org.springframework.beans.factory.support.DefaultSingletonBeanRegistry.getSingleton(DefaultSingletonBeanRegistry.java:225) ~[spring-beans-3.1.2.RELEASE.jar:3.1.2.RELEASE]
	at org.springframework.beans.factory.support.AbstractBeanFactory.doGetBean(AbstractBeanFactory.java:291) ~[spring-beans-3.1.2.RELEASE.jar:3.1.2.RELEASE]
	at org.springframework.beans.factory.support.AbstractBeanFactory.getBean(AbstractBeanFactory.java:193) ~[spring-beans-3.1.2.RELEASE.jar:3.1.2.RELEASE]
	at org.springframework.beans.factory.support.DefaultListableBeanFactory.findAutowireCandidates(DefaultListableBeanFactory.java:876) ~[spring-beans-3.1.2.RELEASE.jar:3.1.2.RELEASE]
	at org.springframework.beans.factory.support.DefaultListableBeanFactory.doResolveDependency(DefaultListableBeanFactory.java:818) ~[spring-beans-3.1.2.RELEASE.jar:3.1.2.RELEASE]
	at org.springframework.beans.factory.support.DefaultListableBeanFactory.resolveDependency(DefaultListableBeanFactory.java:735) ~[spring-beans-3.1.2.RELEASE.jar:3.1.2.RELEASE]
	at org.springframework.beans.factory.annotation.AutowiredAnnotationBeanPostProcessor$AutowiredFieldElement.inject(AutowiredAnnotationBeanPostProcessor.java:478) ~[spring-beans-3.1.2.RELEASE.jar:3.1.2.RELEASE]
	... 36 common frames omitted
Caused by: org.springframework.beans.factory.BeanCreationException: Could not autowire field: private com.wzitech.gamegold.usermgmt.dao.rdb.ISevenBaoAccountDBDAO com.wzitech.Z7Bao.frontend.business.impl.FundManagerImpl.sevenBaoAccountDBDAO; nested exception is org.springframework.beans.factory.BeanCreationException: Error creating bean with name 'sevenBaoAccountDBDAOImpl': Injection of autowired dependencies failed; nested exception is org.springframework.beans.factory.BeanCreationException: Could not autowire method: public final void org.mybatis.spring.support.SqlSessionDaoSupport.setSqlSessionFactory(org.apache.ibatis.session.SqlSessionFactory); nested exception is org.springframework.beans.factory.BeanCreationException: Error creating bean with name 'sqlSessionFactory' defined in class path resource [META-INF/gold-facade-frontend-dao-context.xml]: Invocation of init method failed; nested exception is org.springframework.core.NestedIOException: Failed to parse mapping resource: 'URL [jar:file:/C:/Users/340096/.m2/repository/com/wzitech/7Bao/7Bao-manager/0.0.1-SNAPSHOT/7Bao-manager-0.0.1-SNAPSHOT.jar!/META-INF/mapper/ZbaoFundDetail.xml]'; nested exception is org.apache.ibatis.builder.BuilderException: Error creating document instance.  Cause: org.xml.sax.SAXParseException; lineNumber: 85; columnNumber: 5; 元素类型 "trim" 必须由匹配的结束标记 "</trim>" 终止。
	at org.springframework.beans.factory.annotation.AutowiredAnnotationBeanPostProcessor$AutowiredFieldElement.inject(AutowiredAnnotationBeanPostProcessor.java:506) ~[spring-beans-3.1.2.RELEASE.jar:3.1.2.RELEASE]
	at org.springframework.beans.factory.annotation.InjectionMetadata.inject(InjectionMetadata.java:87) ~[spring-beans-3.1.2.RELEASE.jar:3.1.2.RELEASE]
	at org.springframework.beans.factory.annotation.AutowiredAnnotationBeanPostProcessor.postProcessPropertyValues(AutowiredAnnotationBeanPostProcessor.java:284) ~[spring-beans-3.1.2.RELEASE.jar:3.1.2.RELEASE]
	... 47 common frames omitted
Caused by: org.springframework.beans.factory.BeanCreationException: Error creating bean with name 'sevenBaoAccountDBDAOImpl': Injection of autowired dependencies failed; nested exception is org.springframework.beans.factory.BeanCreationException: Could not autowire method: public final void org.mybatis.spring.support.SqlSessionDaoSupport.setSqlSessionFactory(org.apache.ibatis.session.SqlSessionFactory); nested exception is org.springframework.beans.factory.BeanCreationException: Error creating bean with name 'sqlSessionFactory' defined in class path resource [META-INF/gold-facade-frontend-dao-context.xml]: Invocation of init method failed; nested exception is org.springframework.core.NestedIOException: Failed to parse mapping resource: 'URL [jar:file:/C:/Users/340096/.m2/repository/com/wzitech/7Bao/7Bao-manager/0.0.1-SNAPSHOT/7Bao-manager-0.0.1-SNAPSHOT.jar!/META-INF/mapper/ZbaoFundDetail.xml]'; nested exception is org.apache.ibatis.builder.BuilderException: Error creating document instance.  Cause: org.xml.sax.SAXParseException; lineNumber: 85; columnNumber: 5; 元素类型 "trim" 必须由匹配的结束标记 "</trim>" 终止。
	at org.springframework.beans.factory.annotation.AutowiredAnnotationBeanPostProcessor.postProcessPropertyValues(AutowiredAnnotationBeanPostProcessor.java:287) ~[spring-beans-3.1.2.RELEASE.jar:3.1.2.RELEASE]
	at org.springframework.beans.factory.support.AbstractAutowireCapableBeanFactory.populateBean(AbstractAutowireCapableBeanFactory.java:1106) ~[spring-beans-3.1.2.RELEASE.jar:3.1.2.RELEASE]
	at org.springframework.beans.factory.support.AbstractAutowireCapableBeanFactory.doCreateBean(AbstractAutowireCapableBeanFactory.java:517) ~[spring-beans-3.1.2.RELEASE.jar:3.1.2.RELEASE]
	at org.springframework.beans.factory.support.AbstractAutowireCapableBeanFactory.createBean(AbstractAutowireCapableBeanFactory.java:456) ~[spring-beans-3.1.2.RELEASE.jar:3.1.2.RELEASE]
	at org.springframework.beans.factory.support.AbstractBeanFactory$1.getObject(AbstractBeanFactory.java:294) ~[spring-beans-3.1.2.RELEASE.jar:3.1.2.RELEASE]
	at org.springframework.beans.factory.support.DefaultSingletonBeanRegistry.getSingleton(DefaultSingletonBeanRegistry.java:225) ~[spring-beans-3.1.2.RELEASE.jar:3.1.2.RELEASE]
	at org.springframework.beans.factory.support.AbstractBeanFactory.doGetBean(AbstractBeanFactory.java:291) ~[spring-beans-3.1.2.RELEASE.jar:3.1.2.RELEASE]
	at org.springframework.beans.factory.support.AbstractBeanFactory.getBean(AbstractBeanFactory.java:193) ~[spring-beans-3.1.2.RELEASE.jar:3.1.2.RELEASE]
	at org.springframework.beans.factory.support.DefaultListableBeanFactory.findAutowireCandidates(DefaultListableBeanFactory.java:876) ~[spring-beans-3.1.2.RELEASE.jar:3.1.2.RELEASE]
	at org.springframework.beans.factory.support.DefaultListableBeanFactory.doResolveDependency(DefaultListableBeanFactory.java:818) ~[spring-beans-3.1.2.RELEASE.jar:3.1.2.RELEASE]
	at org.springframework.beans.factory.support.DefaultListableBeanFactory.resolveDependency(DefaultListableBeanFactory.java:735) ~[spring-beans-3.1.2.RELEASE.jar:3.1.2.RELEASE]
	at org.springframework.beans.factory.annotation.AutowiredAnnotationBeanPostProcessor$AutowiredFieldElement.inject(AutowiredAnnotationBeanPostProcessor.java:478) ~[spring-beans-3.1.2.RELEASE.jar:3.1.2.RELEASE]
	... 49 common frames omitted
Caused by: org.springframework.beans.factory.BeanCreationException: Could not autowire method: public final void org.mybatis.spring.support.SqlSessionDaoSupport.setSqlSessionFactory(org.apache.ibatis.session.SqlSessionFactory); nested exception is org.springframework.beans.factory.BeanCreationException: Error creating bean with name 'sqlSessionFactory' defined in class path resource [META-INF/gold-facade-frontend-dao-context.xml]: Invocation of init method failed; nested exception is org.springframework.core.NestedIOException: Failed to parse mapping resource: 'URL [jar:file:/C:/Users/340096/.m2/repository/com/wzitech/7Bao/7Bao-manager/0.0.1-SNAPSHOT/7Bao-manager-0.0.1-SNAPSHOT.jar!/META-INF/mapper/ZbaoFundDetail.xml]'; nested exception is org.apache.ibatis.builder.BuilderException: Error creating document instance.  Cause: org.xml.sax.SAXParseException; lineNumber: 85; columnNumber: 5; 元素类型 "trim" 必须由匹配的结束标记 "</trim>" 终止。
	at org.springframework.beans.factory.annotation.AutowiredAnnotationBeanPostProcessor$AutowiredMethodElement.inject(AutowiredAnnotationBeanPostProcessor.java:593) ~[spring-beans-3.1.2.RELEASE.jar:3.1.2.RELEASE]
	at org.springframework.beans.factory.annotation.InjectionMetadata.inject(InjectionMetadata.java:87) ~[spring-beans-3.1.2.RELEASE.jar:3.1.2.RELEASE]
	at org.springframework.beans.factory.annotation.AutowiredAnnotationBeanPostProcessor.postProcessPropertyValues(AutowiredAnnotationBeanPostProcessor.java:284) ~[spring-beans-3.1.2.RELEASE.jar:3.1.2.RELEASE]
	... 60 common frames omitted
Caused by: org.springframework.beans.factory.BeanCreationException: Error creating bean with name 'sqlSessionFactory' defined in class path resource [META-INF/gold-facade-frontend-dao-context.xml]: Invocation of init method failed; nested exception is org.springframework.core.NestedIOException: Failed to parse mapping resource: 'URL [jar:file:/C:/Users/340096/.m2/repository/com/wzitech/7Bao/7Bao-manager/0.0.1-SNAPSHOT/7Bao-manager-0.0.1-SNAPSHOT.jar!/META-INF/mapper/ZbaoFundDetail.xml]'; nested exception is org.apache.ibatis.builder.BuilderException: Error creating document instance.  Cause: org.xml.sax.SAXParseException; lineNumber: 85; columnNumber: 5; 元素类型 "trim" 必须由匹配的结束标记 "</trim>" 终止。
	at org.springframework.beans.factory.support.AbstractAutowireCapableBeanFactory.initializeBean(AbstractAutowireCapableBeanFactory.java:1455) ~[spring-beans-3.1.2.RELEASE.jar:3.1.2.RELEASE]
	at org.springframework.beans.factory.support.AbstractAutowireCapableBeanFactory.doCreateBean(AbstractAutowireCapableBeanFactory.java:519) ~[spring-beans-3.1.2.RELEASE.jar:3.1.2.RELEASE]
	at org.springframework.beans.factory.support.AbstractAutowireCapableBeanFactory.createBean(AbstractAutowireCapableBeanFactory.java:456) ~[spring-beans-3.1.2.RELEASE.jar:3.1.2.RELEASE]
	at org.springframework.beans.factory.support.AbstractBeanFactory$1.getObject(AbstractBeanFactory.java:294) ~[spring-beans-3.1.2.RELEASE.jar:3.1.2.RELEASE]
	at org.springframework.beans.factory.support.DefaultSingletonBeanRegistry.getSingleton(DefaultSingletonBeanRegistry.java:225) ~[spring-beans-3.1.2.RELEASE.jar:3.1.2.RELEASE]
	at org.springframework.beans.factory.support.AbstractBeanFactory.doGetBean(AbstractBeanFactory.java:291) ~[spring-beans-3.1.2.RELEASE.jar:3.1.2.RELEASE]
	at org.springframework.beans.factory.support.AbstractBeanFactory.getBean(AbstractBeanFactory.java:193) ~[spring-beans-3.1.2.RELEASE.jar:3.1.2.RELEASE]
	at org.springframework.beans.factory.support.DefaultListableBeanFactory.findAutowireCandidates(DefaultListableBeanFactory.java:876) ~[spring-beans-3.1.2.RELEASE.jar:3.1.2.RELEASE]
	at org.springframework.beans.factory.support.DefaultListableBeanFactory.doResolveDependency(DefaultListableBeanFactory.java:818) ~[spring-beans-3.1.2.RELEASE.jar:3.1.2.RELEASE]
	at org.springframework.beans.factory.support.DefaultListableBeanFactory.resolveDependency(DefaultListableBeanFactory.java:735) ~[spring-beans-3.1.2.RELEASE.jar:3.1.2.RELEASE]
	at org.springframework.beans.factory.annotation.AutowiredAnnotationBeanPostProcessor$AutowiredMethodElement.inject(AutowiredAnnotationBeanPostProcessor.java:551) ~[spring-beans-3.1.2.RELEASE.jar:3.1.2.RELEASE]
	... 62 common frames omitted
Caused by: org.springframework.core.NestedIOException: Failed to parse mapping resource: 'URL [jar:file:/C:/Users/340096/.m2/repository/com/wzitech/7Bao/7Bao-manager/0.0.1-SNAPSHOT/7Bao-manager-0.0.1-SNAPSHOT.jar!/META-INF/mapper/ZbaoFundDetail.xml]'; nested exception is org.apache.ibatis.builder.BuilderException: Error creating document instance.  Cause: org.xml.sax.SAXParseException; lineNumber: 85; columnNumber: 5; 元素类型 "trim" 必须由匹配的结束标记 "</trim>" 终止。
	at org.mybatis.spring.SqlSessionFactoryBean.buildSqlSessionFactory(SqlSessionFactoryBean.java:412) ~[mybatis-spring-1.1.0.jar:1.1.0]
	at org.mybatis.spring.SqlSessionFactoryBean.afterPropertiesSet(SqlSessionFactoryBean.java:295) ~[mybatis-spring-1.1.0.jar:1.1.0]
	at org.springframework.beans.factory.support.AbstractAutowireCapableBeanFactory.invokeInitMethods(AbstractAutowireCapableBeanFactory.java:1514) ~[spring-beans-3.1.2.RELEASE.jar:3.1.2.RELEASE]
	at org.springframework.beans.factory.support.AbstractAutowireCapableBeanFactory.initializeBean(AbstractAutowireCapableBeanFactory.java:1452) ~[spring-beans-3.1.2.RELEASE.jar:3.1.2.RELEASE]
	... 72 common frames omitted
Caused by: org.apache.ibatis.builder.BuilderException: Error creating document instance.  Cause: org.xml.sax.SAXParseException; lineNumber: 85; columnNumber: 5; 元素类型 "trim" 必须由匹配的结束标记 "</trim>" 终止。
	at org.apache.ibatis.parsing.XPathParser.createDocument(XPathParser.java:253) ~[mybatis-3.1.0.jar:3.1.0]
	at org.apache.ibatis.parsing.XPathParser.<init>(XPathParser.java:122) ~[mybatis-3.1.0.jar:3.1.0]
	at org.apache.ibatis.builder.xml.XMLMapperBuilder.<init>(XMLMapperBuilder.java:74) ~[mybatis-3.1.0.jar:3.1.0]
	at org.mybatis.spring.SqlSessionFactoryBean.buildSqlSessionFactory(SqlSessionFactoryBean.java:408) ~[mybatis-spring-1.1.0.jar:1.1.0]
	... 75 common frames omitted
Caused by: org.xml.sax.SAXParseException: 元素类型 "trim" 必须由匹配的结束标记 "</trim>" 终止。
	at com.sun.org.apache.xerces.internal.util.ErrorHandlerWrapper.createSAXParseException(ErrorHandlerWrapper.java:203) ~[na:1.8.0_121]
	at com.sun.org.apache.xerces.internal.util.ErrorHandlerWrapper.fatalError(ErrorHandlerWrapper.java:177) ~[na:1.8.0_121]
	at com.sun.org.apache.xerces.internal.impl.XMLErrorReporter.reportError(XMLErrorReporter.java:400) ~[na:1.8.0_121]
	at com.sun.org.apache.xerces.internal.impl.XMLErrorReporter.reportError(XMLErrorReporter.java:327) ~[na:1.8.0_121]
	at com.sun.org.apache.xerces.internal.impl.XMLScanner.reportFatalError(XMLScanner.java:1472) ~[na:1.8.0_121]
	at com.sun.org.apache.xerces.internal.impl.XMLDocumentFragmentScannerImpl.scanEndElement(XMLDocumentFragmentScannerImpl.java:1749) ~[na:1.8.0_121]
	at com.sun.org.apache.xerces.internal.impl.XMLDocumentFragmentScannerImpl$FragmentContentDriver.next(XMLDocumentFragmentScannerImpl.java:2967) ~[na:1.8.0_121]
	at com.sun.org.apache.xerces.internal.impl.XMLDocumentScannerImpl.next(XMLDocumentScannerImpl.java:602) ~[na:1.8.0_121]
	at com.sun.org.apache.xerces.internal.impl.XMLDocumentFragmentScannerImpl.scanDocument(XMLDocumentFragmentScannerImpl.java:505) ~[na:1.8.0_121]
	at com.sun.org.apache.xerces.internal.parsers.XML11Configuration.parse(XML11Configuration.java:841) ~[na:1.8.0_121]
	at com.sun.org.apache.xerces.internal.parsers.XML11Configuration.parse(XML11Configuration.java:770) ~[na:1.8.0_121]
	at com.sun.org.apache.xerces.internal.parsers.XMLParser.parse(XMLParser.java:141) ~[na:1.8.0_121]
	at com.sun.org.apache.xerces.internal.parsers.DOMParser.parse(DOMParser.java:243) ~[na:1.8.0_121]
	at com.sun.org.apache.xerces.internal.jaxp.DocumentBuilderImpl.parse(DocumentBuilderImpl.java:339) ~[na:1.8.0_121]
	at org.apache.ibatis.parsing.XPathParser.createDocument(XPathParser.java:251) ~[mybatis-3.1.0.jar:3.1.0]
	... 78 common frames omitted
2017-08-21 14:03:01,448 [ERROR] o.s.web.context.ContextLoader - Context initialization failed
org.springframework.beans.factory.BeanCreationException: Error creating bean with name 'RESTService': Cannot resolve reference to bean 'FundService' while setting bean property 'serviceBeans' with key [2]; nested exception is org.springframework.beans.factory.BeanCreationException: Error creating bean with name 'FundService': Injection of autowired dependencies failed; nested exception is org.springframework.beans.factory.BeanCreationException: Could not autowire field: private com.wzitech.Z7Bao.frontend.business.IFundManager com.wzitech.Z7Bao.frontend.service.impl.FundServiceImpl.fundManager; nested exception is org.springframework.beans.factory.BeanCreationException: Error creating bean with name 'FundManagerImpl': Injection of autowired dependencies failed; nested exception is org.springframework.beans.factory.BeanCreationException: Could not autowire field: private com.wzitech.gamegold.usermgmt.dao.rdb.ISevenBaoAccountDBDAO com.wzitech.Z7Bao.frontend.business.impl.FundManagerImpl.sevenBaoAccountDBDAO; nested exception is org.springframework.beans.factory.BeanCreationException: Error creating bean with name 'sevenBaoAccountDBDAOImpl': Injection of autowired dependencies failed; nested exception is org.springframework.beans.factory.BeanCreationException: Could not autowire method: public final void org.mybatis.spring.support.SqlSessionDaoSupport.setSqlSessionFactory(org.apache.ibatis.session.SqlSessionFactory); nested exception is org.springframework.beans.factory.BeanCreationException: Error creating bean with name 'sqlSessionFactory' defined in class path resource [META-INF/gold-facade-frontend-dao-context.xml]: Invocation of init method failed; nested exception is org.springframework.core.NestedIOException: Failed to parse mapping resource: 'URL [jar:file:/C:/Users/340096/.m2/repository/com/wzitech/7Bao/7Bao-manager/0.0.1-SNAPSHOT/7Bao-manager-0.0.1-SNAPSHOT.jar!/META-INF/mapper/ZbaoFundDetail.xml]'; nested exception is org.apache.ibatis.builder.BuilderException: Error creating document instance.  Cause: org.xml.sax.SAXParseException; lineNumber: 85; columnNumber: 5; 元素类型 "trim" 必须由匹配的结束标记 "</trim>" 终止。
	at org.springframework.beans.factory.support.BeanDefinitionValueResolver.resolveReference(BeanDefinitionValueResolver.java:328) ~[spring-beans-3.1.2.RELEASE.jar:3.1.2.RELEASE]
	at org.springframework.beans.factory.support.BeanDefinitionValueResolver.resolveValueIfNecessary(BeanDefinitionValueResolver.java:106) ~[spring-beans-3.1.2.RELEASE.jar:3.1.2.RELEASE]
	at org.springframework.beans.factory.support.BeanDefinitionValueResolver.resolveManagedList(BeanDefinitionValueResolver.java:353) ~[spring-beans-3.1.2.RELEASE.jar:3.1.2.RELEASE]
	at org.springframework.beans.factory.support.BeanDefinitionValueResolver.resolveValueIfNecessary(BeanDefinitionValueResolver.java:153) ~[spring-beans-3.1.2.RELEASE.jar:3.1.2.RELEASE]
	at org.springframework.beans.factory.support.AbstractAutowireCapableBeanFactory.applyPropertyValues(AbstractAutowireCapableBeanFactory.java:1360) ~[spring-beans-3.1.2.RELEASE.jar:3.1.2.RELEASE]
	at org.springframework.beans.factory.support.AbstractAutowireCapableBeanFactory.populateBean(AbstractAutowireCapableBeanFactory.java:1118) ~[spring-beans-3.1.2.RELEASE.jar:3.1.2.RELEASE]
	at org.springframework.beans.factory.support.AbstractAutowireCapableBeanFactory.doCreateBean(AbstractAutowireCapableBeanFactory.java:517) ~[spring-beans-3.1.2.RELEASE.jar:3.1.2.RELEASE]
	at org.springframework.beans.factory.support.AbstractAutowireCapableBeanFactory.createBean(AbstractAutowireCapableBeanFactory.java:456) ~[spring-beans-3.1.2.RELEASE.jar:3.1.2.RELEASE]
	at org.springframework.beans.factory.support.AbstractBeanFactory$1.getObject(AbstractBeanFactory.java:294) ~[spring-beans-3.1.2.RELEASE.jar:3.1.2.RELEASE]
	at org.springframework.beans.factory.support.DefaultSingletonBeanRegistry.getSingleton(DefaultSingletonBeanRegistry.java:225) ~[spring-beans-3.1.2.RELEASE.jar:3.1.2.RELEASE]
	at org.springframework.beans.factory.support.AbstractBeanFactory.doGetBean(AbstractBeanFactory.java:291) ~[spring-beans-3.1.2.RELEASE.jar:3.1.2.RELEASE]
	at org.springframework.beans.factory.support.AbstractBeanFactory.getBean(AbstractBeanFactory.java:193) ~[spring-beans-3.1.2.RELEASE.jar:3.1.2.RELEASE]
	at org.springframework.beans.factory.support.DefaultListableBeanFactory.preInstantiateSingletons(DefaultListableBeanFactory.java:609) ~[spring-beans-3.1.2.RELEASE.jar:3.1.2.RELEASE]
	at org.springframework.context.support.AbstractApplicationContext.finishBeanFactoryInitialization(AbstractApplicationContext.java:918) ~[spring-context-3.1.2.RELEASE.jar:3.1.2.RELEASE]
	at org.springframework.context.support.AbstractApplicationContext.refresh(AbstractApplicationContext.java:469) ~[spring-context-3.1.2.RELEASE.jar:3.1.2.RELEASE]
	at org.springframework.web.context.ContextLoader.configureAndRefreshWebApplicationContext(ContextLoader.java:383) ~[spring-web-3.1.2.RELEASE.jar:3.1.2.RELEASE]
	at org.springframework.web.context.ContextLoader.initWebApplicationContext(ContextLoader.java:283) ~[spring-web-3.1.2.RELEASE.jar:3.1.2.RELEASE]
	at org.springframework.web.context.ContextLoaderListener.contextInitialized(ContextLoaderListener.java:111) [spring-web-3.1.2.RELEASE.jar:3.1.2.RELEASE]
	at org.apache.catalina.core.StandardContext.listenerStart(StandardContext.java:4797) [tomcat-embed-core-7.0.37.jar:7.0.37]
	at org.apache.catalina.core.StandardContext.startInternal(StandardContext.java:5291) [tomcat-embed-core-7.0.37.jar:7.0.37]
	at org.apache.catalina.util.LifecycleBase.start(LifecycleBase.java:150) [tomcat-embed-core-7.0.37.jar:7.0.37]
	at org.apache.catalina.core.ContainerBase$StartChild.call(ContainerBase.java:1559) [tomcat-embed-core-7.0.37.jar:7.0.37]
	at org.apache.catalina.core.ContainerBase$StartChild.call(ContainerBase.java:1549) [tomcat-embed-core-7.0.37.jar:7.0.37]
	at java.util.concurrent.FutureTask.run(FutureTask.java:266) [na:1.8.0_121]
	at java.util.concurrent.ThreadPoolExecutor.runWorker(ThreadPoolExecutor.java:1142) [na:1.8.0_121]
	at java.util.concurrent.ThreadPoolExecutor$Worker.run(ThreadPoolExecutor.java:617) [na:1.8.0_121]
	at java.lang.Thread.run(Thread.java:745) [na:1.8.0_121]
Caused by: org.springframework.beans.factory.BeanCreationException: Error creating bean with name 'FundService': Injection of autowired dependencies failed; nested exception is org.springframework.beans.factory.BeanCreationException: Could not autowire field: private com.wzitech.Z7Bao.frontend.business.IFundManager com.wzitech.Z7Bao.frontend.service.impl.FundServiceImpl.fundManager; nested exception is org.springframework.beans.factory.BeanCreationException: Error creating bean with name 'FundManagerImpl': Injection of autowired dependencies failed; nested exception is org.springframework.beans.factory.BeanCreationException: Could not autowire field: private com.wzitech.gamegold.usermgmt.dao.rdb.ISevenBaoAccountDBDAO com.wzitech.Z7Bao.frontend.business.impl.FundManagerImpl.sevenBaoAccountDBDAO; nested exception is org.springframework.beans.factory.BeanCreationException: Error creating bean with name 'sevenBaoAccountDBDAOImpl': Injection of autowired dependencies failed; nested exception is org.springframework.beans.factory.BeanCreationException: Could not autowire method: public final void org.mybatis.spring.support.SqlSessionDaoSupport.setSqlSessionFactory(org.apache.ibatis.session.SqlSessionFactory); nested exception is org.springframework.beans.factory.BeanCreationException: Error creating bean with name 'sqlSessionFactory' defined in class path resource [META-INF/gold-facade-frontend-dao-context.xml]: Invocation of init method failed; nested exception is org.springframework.core.NestedIOException: Failed to parse mapping resource: 'URL [jar:file:/C:/Users/340096/.m2/repository/com/wzitech/7Bao/7Bao-manager/0.0.1-SNAPSHOT/7Bao-manager-0.0.1-SNAPSHOT.jar!/META-INF/mapper/ZbaoFundDetail.xml]'; nested exception is org.apache.ibatis.builder.BuilderException: Error creating document instance.  Cause: org.xml.sax.SAXParseException; lineNumber: 85; columnNumber: 5; 元素类型 "trim" 必须由匹配的结束标记 "</trim>" 终止。
	at org.springframework.beans.factory.annotation.AutowiredAnnotationBeanPostProcessor.postProcessPropertyValues(AutowiredAnnotationBeanPostProcessor.java:287) ~[spring-beans-3.1.2.RELEASE.jar:3.1.2.RELEASE]
	at org.springframework.beans.factory.support.AbstractAutowireCapableBeanFactory.populateBean(AbstractAutowireCapableBeanFactory.java:1106) ~[spring-beans-3.1.2.RELEASE.jar:3.1.2.RELEASE]
	at org.springframework.beans.factory.support.AbstractAutowireCapableBeanFactory.doCreateBean(AbstractAutowireCapableBeanFactory.java:517) ~[spring-beans-3.1.2.RELEASE.jar:3.1.2.RELEASE]
	at org.springframework.beans.factory.support.AbstractAutowireCapableBeanFactory.createBean(AbstractAutowireCapableBeanFactory.java:456) ~[spring-beans-3.1.2.RELEASE.jar:3.1.2.RELEASE]
	at org.springframework.beans.factory.support.AbstractBeanFactory$1.getObject(AbstractBeanFactory.java:294) ~[spring-beans-3.1.2.RELEASE.jar:3.1.2.RELEASE]
	at org.springframework.beans.factory.support.DefaultSingletonBeanRegistry.getSingleton(DefaultSingletonBeanRegistry.java:225) ~[spring-beans-3.1.2.RELEASE.jar:3.1.2.RELEASE]
	at org.springframework.beans.factory.support.AbstractBeanFactory.doGetBean(AbstractBeanFactory.java:291) ~[spring-beans-3.1.2.RELEASE.jar:3.1.2.RELEASE]
	at org.springframework.beans.factory.support.AbstractBeanFactory.getBean(AbstractBeanFactory.java:193) ~[spring-beans-3.1.2.RELEASE.jar:3.1.2.RELEASE]
	at org.springframework.beans.factory.support.BeanDefinitionValueResolver.resolveReference(BeanDefinitionValueResolver.java:322) ~[spring-beans-3.1.2.RELEASE.jar:3.1.2.RELEASE]
	... 26 common frames omitted
Caused by: org.springframework.beans.factory.BeanCreationException: Could not autowire field: private com.wzitech.Z7Bao.frontend.business.IFundManager com.wzitech.Z7Bao.frontend.service.impl.FundServiceImpl.fundManager; nested exception is org.springframework.beans.factory.BeanCreationException: Error creating bean with name 'FundManagerImpl': Injection of autowired dependencies failed; nested exception is org.springframework.beans.factory.BeanCreationException: Could not autowire field: private com.wzitech.gamegold.usermgmt.dao.rdb.ISevenBaoAccountDBDAO com.wzitech.Z7Bao.frontend.business.impl.FundManagerImpl.sevenBaoAccountDBDAO; nested exception is org.springframework.beans.factory.BeanCreationException: Error creating bean with name 'sevenBaoAccountDBDAOImpl': Injection of autowired dependencies failed; nested exception is org.springframework.beans.factory.BeanCreationException: Could not autowire method: public final void org.mybatis.spring.support.SqlSessionDaoSupport.setSqlSessionFactory(org.apache.ibatis.session.SqlSessionFactory); nested exception is org.springframework.beans.factory.BeanCreationException: Error creating bean with name 'sqlSessionFactory' defined in class path resource [META-INF/gold-facade-frontend-dao-context.xml]: Invocation of init method failed; nested exception is org.springframework.core.NestedIOException: Failed to parse mapping resource: 'URL [jar:file:/C:/Users/340096/.m2/repository/com/wzitech/7Bao/7Bao-manager/0.0.1-SNAPSHOT/7Bao-manager-0.0.1-SNAPSHOT.jar!/META-INF/mapper/ZbaoFundDetail.xml]'; nested exception is org.apache.ibatis.builder.BuilderException: Error creating document instance.  Cause: org.xml.sax.SAXParseException; lineNumber: 85; columnNumber: 5; 元素类型 "trim" 必须由匹配的结束标记 "</trim>" 终止。
	at org.springframework.beans.factory.annotation.AutowiredAnnotationBeanPostProcessor$AutowiredFieldElement.inject(AutowiredAnnotationBeanPostProcessor.java:506) ~[spring-beans-3.1.2.RELEASE.jar:3.1.2.RELEASE]
	at org.springframework.beans.factory.annotation.InjectionMetadata.inject(InjectionMetadata.java:87) ~[spring-beans-3.1.2.RELEASE.jar:3.1.2.RELEASE]
	at org.springframework.beans.factory.annotation.AutowiredAnnotationBeanPostProcessor.postProcessPropertyValues(AutowiredAnnotationBeanPostProcessor.java:284) ~[spring-beans-3.1.2.RELEASE.jar:3.1.2.RELEASE]
	... 34 common frames omitted
Caused by: org.springframework.beans.factory.BeanCreationException: Error creating bean with name 'FundManagerImpl': Injection of autowired dependencies failed; nested exception is org.springframework.beans.factory.BeanCreationException: Could not autowire field: private com.wzitech.gamegold.usermgmt.dao.rdb.ISevenBaoAccountDBDAO com.wzitech.Z7Bao.frontend.business.impl.FundManagerImpl.sevenBaoAccountDBDAO; nested exception is org.springframework.beans.factory.BeanCreationException: Error creating bean with name 'sevenBaoAccountDBDAOImpl': Injection of autowired dependencies failed; nested exception is org.springframework.beans.factory.BeanCreationException: Could not autowire method: public final void org.mybatis.spring.support.SqlSessionDaoSupport.setSqlSessionFactory(org.apache.ibatis.session.SqlSessionFactory); nested exception is org.springframework.beans.factory.BeanCreationException: Error creating bean with name 'sqlSessionFactory' defined in class path resource [META-INF/gold-facade-frontend-dao-context.xml]: Invocation of init method failed; nested exception is org.springframework.core.NestedIOException: Failed to parse mapping resource: 'URL [jar:file:/C:/Users/340096/.m2/repository/com/wzitech/7Bao/7Bao-manager/0.0.1-SNAPSHOT/7Bao-manager-0.0.1-SNAPSHOT.jar!/META-INF/mapper/ZbaoFundDetail.xml]'; nested exception is org.apache.ibatis.builder.BuilderException: Error creating document instance.  Cause: org.xml.sax.SAXParseException; lineNumber: 85; columnNumber: 5; 元素类型 "trim" 必须由匹配的结束标记 "</trim>" 终止。
	at org.springframework.beans.factory.annotation.AutowiredAnnotationBeanPostProcessor.postProcessPropertyValues(AutowiredAnnotationBeanPostProcessor.java:287) ~[spring-beans-3.1.2.RELEASE.jar:3.1.2.RELEASE]
	at org.springframework.beans.factory.support.AbstractAutowireCapableBeanFactory.populateBean(AbstractAutowireCapableBeanFactory.java:1106) ~[spring-beans-3.1.2.RELEASE.jar:3.1.2.RELEASE]
	at org.springframework.beans.factory.support.AbstractAutowireCapableBeanFactory.doCreateBean(AbstractAutowireCapableBeanFactory.java:517) ~[spring-beans-3.1.2.RELEASE.jar:3.1.2.RELEASE]
	at org.springframework.beans.factory.support.AbstractAutowireCapableBeanFactory.createBean(AbstractAutowireCapableBeanFactory.java:456) ~[spring-beans-3.1.2.RELEASE.jar:3.1.2.RELEASE]
	at org.springframework.beans.factory.support.AbstractBeanFactory$1.getObject(AbstractBeanFactory.java:294) ~[spring-beans-3.1.2.RELEASE.jar:3.1.2.RELEASE]
	at org.springframework.beans.factory.support.DefaultSingletonBeanRegistry.getSingleton(DefaultSingletonBeanRegistry.java:225) ~[spring-beans-3.1.2.RELEASE.jar:3.1.2.RELEASE]
	at org.springframework.beans.factory.support.AbstractBeanFactory.doGetBean(AbstractBeanFactory.java:291) ~[spring-beans-3.1.2.RELEASE.jar:3.1.2.RELEASE]
	at org.springframework.beans.factory.support.AbstractBeanFactory.getBean(AbstractBeanFactory.java:193) ~[spring-beans-3.1.2.RELEASE.jar:3.1.2.RELEASE]
	at org.springframework.beans.factory.support.DefaultListableBeanFactory.findAutowireCandidates(DefaultListableBeanFactory.java:876) ~[spring-beans-3.1.2.RELEASE.jar:3.1.2.RELEASE]
	at org.springframework.beans.factory.support.DefaultListableBeanFactory.doResolveDependency(DefaultListableBeanFactory.java:818) ~[spring-beans-3.1.2.RELEASE.jar:3.1.2.RELEASE]
	at org.springframework.beans.factory.support.DefaultListableBeanFactory.resolveDependency(DefaultListableBeanFactory.java:735) ~[spring-beans-3.1.2.RELEASE.jar:3.1.2.RELEASE]
	at org.springframework.beans.factory.annotation.AutowiredAnnotationBeanPostProcessor$AutowiredFieldElement.inject(AutowiredAnnotationBeanPostProcessor.java:478) ~[spring-beans-3.1.2.RELEASE.jar:3.1.2.RELEASE]
	... 36 common frames omitted
Caused by: org.springframework.beans.factory.BeanCreationException: Could not autowire field: private com.wzitech.gamegold.usermgmt.dao.rdb.ISevenBaoAccountDBDAO com.wzitech.Z7Bao.frontend.business.impl.FundManagerImpl.sevenBaoAccountDBDAO; nested exception is org.springframework.beans.factory.BeanCreationException: Error creating bean with name 'sevenBaoAccountDBDAOImpl': Injection of autowired dependencies failed; nested exception is org.springframework.beans.factory.BeanCreationException: Could not autowire method: public final void org.mybatis.spring.support.SqlSessionDaoSupport.setSqlSessionFactory(org.apache.ibatis.session.SqlSessionFactory); nested exception is org.springframework.beans.factory.BeanCreationException: Error creating bean with name 'sqlSessionFactory' defined in class path resource [META-INF/gold-facade-frontend-dao-context.xml]: Invocation of init method failed; nested exception is org.springframework.core.NestedIOException: Failed to parse mapping resource: 'URL [jar:file:/C:/Users/340096/.m2/repository/com/wzitech/7Bao/7Bao-manager/0.0.1-SNAPSHOT/7Bao-manager-0.0.1-SNAPSHOT.jar!/META-INF/mapper/ZbaoFundDetail.xml]'; nested exception is org.apache.ibatis.builder.BuilderException: Error creating document instance.  Cause: org.xml.sax.SAXParseException; lineNumber: 85; columnNumber: 5; 元素类型 "trim" 必须由匹配的结束标记 "</trim>" 终止。
	at org.springframework.beans.factory.annotation.AutowiredAnnotationBeanPostProcessor$AutowiredFieldElement.inject(AutowiredAnnotationBeanPostProcessor.java:506) ~[spring-beans-3.1.2.RELEASE.jar:3.1.2.RELEASE]
	at org.springframework.beans.factory.annotation.InjectionMetadata.inject(InjectionMetadata.java:87) ~[spring-beans-3.1.2.RELEASE.jar:3.1.2.RELEASE]
	at org.springframework.beans.factory.annotation.AutowiredAnnotationBeanPostProcessor.postProcessPropertyValues(AutowiredAnnotationBeanPostProcessor.java:284) ~[spring-beans-3.1.2.RELEASE.jar:3.1.2.RELEASE]
	... 47 common frames omitted
Caused by: org.springframework.beans.factory.BeanCreationException: Error creating bean with name 'sevenBaoAccountDBDAOImpl': Injection of autowired dependencies failed; nested exception is org.springframework.beans.factory.BeanCreationException: Could not autowire method: public final void org.mybatis.spring.support.SqlSessionDaoSupport.setSqlSessionFactory(org.apache.ibatis.session.SqlSessionFactory); nested exception is org.springframework.beans.factory.BeanCreationException: Error creating bean with name 'sqlSessionFactory' defined in class path resource [META-INF/gold-facade-frontend-dao-context.xml]: Invocation of init method failed; nested exception is org.springframework.core.NestedIOException: Failed to parse mapping resource: 'URL [jar:file:/C:/Users/340096/.m2/repository/com/wzitech/7Bao/7Bao-manager/0.0.1-SNAPSHOT/7Bao-manager-0.0.1-SNAPSHOT.jar!/META-INF/mapper/ZbaoFundDetail.xml]'; nested exception is org.apache.ibatis.builder.BuilderException: Error creating document instance.  Cause: org.xml.sax.SAXParseException; lineNumber: 85; columnNumber: 5; 元素类型 "trim" 必须由匹配的结束标记 "</trim>" 终止。
	at org.springframework.beans.factory.annotation.AutowiredAnnotationBeanPostProcessor.postProcessPropertyValues(AutowiredAnnotationBeanPostProcessor.java:287) ~[spring-beans-3.1.2.RELEASE.jar:3.1.2.RELEASE]
	at org.springframework.beans.factory.support.AbstractAutowireCapableBeanFactory.populateBean(AbstractAutowireCapableBeanFactory.java:1106) ~[spring-beans-3.1.2.RELEASE.jar:3.1.2.RELEASE]
	at org.springframework.beans.factory.support.AbstractAutowireCapableBeanFactory.doCreateBean(AbstractAutowireCapableBeanFactory.java:517) ~[spring-beans-3.1.2.RELEASE.jar:3.1.2.RELEASE]
	at org.springframework.beans.factory.support.AbstractAutowireCapableBeanFactory.createBean(AbstractAutowireCapableBeanFactory.java:456) ~[spring-beans-3.1.2.RELEASE.jar:3.1.2.RELEASE]
	at org.springframework.beans.factory.support.AbstractBeanFactory$1.getObject(AbstractBeanFactory.java:294) ~[spring-beans-3.1.2.RELEASE.jar:3.1.2.RELEASE]
	at org.springframework.beans.factory.support.DefaultSingletonBeanRegistry.getSingleton(DefaultSingletonBeanRegistry.java:225) ~[spring-beans-3.1.2.RELEASE.jar:3.1.2.RELEASE]
	at org.springframework.beans.factory.support.AbstractBeanFactory.doGetBean(AbstractBeanFactory.java:291) ~[spring-beans-3.1.2.RELEASE.jar:3.1.2.RELEASE]
	at org.springframework.beans.factory.support.AbstractBeanFactory.getBean(AbstractBeanFactory.java:193) ~[spring-beans-3.1.2.RELEASE.jar:3.1.2.RELEASE]
	at org.springframework.beans.factory.support.DefaultListableBeanFactory.findAutowireCandidates(DefaultListableBeanFactory.java:876) ~[spring-beans-3.1.2.RELEASE.jar:3.1.2.RELEASE]
	at org.springframework.beans.factory.support.DefaultListableBeanFactory.doResolveDependency(DefaultListableBeanFactory.java:818) ~[spring-beans-3.1.2.RELEASE.jar:3.1.2.RELEASE]
	at org.springframework.beans.factory.support.DefaultListableBeanFactory.resolveDependency(DefaultListableBeanFactory.java:735) ~[spring-beans-3.1.2.RELEASE.jar:3.1.2.RELEASE]
	at org.springframework.beans.factory.annotation.AutowiredAnnotationBeanPostProcessor$AutowiredFieldElement.inject(AutowiredAnnotationBeanPostProcessor.java:478) ~[spring-beans-3.1.2.RELEASE.jar:3.1.2.RELEASE]
	... 49 common frames omitted
Caused by: org.springframework.beans.factory.BeanCreationException: Could not autowire method: public final void org.mybatis.spring.support.SqlSessionDaoSupport.setSqlSessionFactory(org.apache.ibatis.session.SqlSessionFactory); nested exception is org.springframework.beans.factory.BeanCreationException: Error creating bean with name 'sqlSessionFactory' defined in class path resource [META-INF/gold-facade-frontend-dao-context.xml]: Invocation of init method failed; nested exception is org.springframework.core.NestedIOException: Failed to parse mapping resource: 'URL [jar:file:/C:/Users/340096/.m2/repository/com/wzitech/7Bao/7Bao-manager/0.0.1-SNAPSHOT/7Bao-manager-0.0.1-SNAPSHOT.jar!/META-INF/mapper/ZbaoFundDetail.xml]'; nested exception is org.apache.ibatis.builder.BuilderException: Error creating document instance.  Cause: org.xml.sax.SAXParseException; lineNumber: 85; columnNumber: 5; 元素类型 "trim" 必须由匹配的结束标记 "</trim>" 终止。
	at org.springframework.beans.factory.annotation.AutowiredAnnotationBeanPostProcessor$AutowiredMethodElement.inject(AutowiredAnnotationBeanPostProcessor.java:593) ~[spring-beans-3.1.2.RELEASE.jar:3.1.2.RELEASE]
	at org.springframework.beans.factory.annotation.InjectionMetadata.inject(InjectionMetadata.java:87) ~[spring-beans-3.1.2.RELEASE.jar:3.1.2.RELEASE]
	at org.springframework.beans.factory.annotation.AutowiredAnnotationBeanPostProcessor.postProcessPropertyValues(AutowiredAnnotationBeanPostProcessor.java:284) ~[spring-beans-3.1.2.RELEASE.jar:3.1.2.RELEASE]
	... 60 common frames omitted
Caused by: org.springframework.beans.factory.BeanCreationException: Error creating bean with name 'sqlSessionFactory' defined in class path resource [META-INF/gold-facade-frontend-dao-context.xml]: Invocation of init method failed; nested exception is org.springframework.core.NestedIOException: Failed to parse mapping resource: 'URL [jar:file:/C:/Users/340096/.m2/repository/com/wzitech/7Bao/7Bao-manager/0.0.1-SNAPSHOT/7Bao-manager-0.0.1-SNAPSHOT.jar!/META-INF/mapper/ZbaoFundDetail.xml]'; nested exception is org.apache.ibatis.builder.BuilderException: Error creating document instance.  Cause: org.xml.sax.SAXParseException; lineNumber: 85; columnNumber: 5; 元素类型 "trim" 必须由匹配的结束标记 "</trim>" 终止。
	at org.springframework.beans.factory.support.AbstractAutowireCapableBeanFactory.initializeBean(AbstractAutowireCapableBeanFactory.java:1455) ~[spring-beans-3.1.2.RELEASE.jar:3.1.2.RELEASE]
	at org.springframework.beans.factory.support.AbstractAutowireCapableBeanFactory.doCreateBean(AbstractAutowireCapableBeanFactory.java:519) ~[spring-beans-3.1.2.RELEASE.jar:3.1.2.RELEASE]
	at org.springframework.beans.factory.support.AbstractAutowireCapableBeanFactory.createBean(AbstractAutowireCapableBeanFactory.java:456) ~[spring-beans-3.1.2.RELEASE.jar:3.1.2.RELEASE]
	at org.springframework.beans.factory.support.AbstractBeanFactory$1.getObject(AbstractBeanFactory.java:294) ~[spring-beans-3.1.2.RELEASE.jar:3.1.2.RELEASE]
	at org.springframework.beans.factory.support.DefaultSingletonBeanRegistry.getSingleton(DefaultSingletonBeanRegistry.java:225) ~[spring-beans-3.1.2.RELEASE.jar:3.1.2.RELEASE]
	at org.springframework.beans.factory.support.AbstractBeanFactory.doGetBean(AbstractBeanFactory.java:291) ~[spring-beans-3.1.2.RELEASE.jar:3.1.2.RELEASE]
	at org.springframework.beans.factory.support.AbstractBeanFactory.getBean(AbstractBeanFactory.java:193) ~[spring-beans-3.1.2.RELEASE.jar:3.1.2.RELEASE]
	at org.springframework.beans.factory.support.DefaultListableBeanFactory.findAutowireCandidates(DefaultListableBeanFactory.java:876) ~[spring-beans-3.1.2.RELEASE.jar:3.1.2.RELEASE]
	at org.springframework.beans.factory.support.DefaultListableBeanFactory.doResolveDependency(DefaultListableBeanFactory.java:818) ~[spring-beans-3.1.2.RELEASE.jar:3.1.2.RELEASE]
	at org.springframework.beans.factory.support.DefaultListableBeanFactory.resolveDependency(DefaultListableBeanFactory.java:735) ~[spring-beans-3.1.2.RELEASE.jar:3.1.2.RELEASE]
	at org.springframework.beans.factory.annotation.AutowiredAnnotationBeanPostProcessor$AutowiredMethodElement.inject(AutowiredAnnotationBeanPostProcessor.java:551) ~[spring-beans-3.1.2.RELEASE.jar:3.1.2.RELEASE]
	... 62 common frames omitted
Caused by: org.springframework.core.NestedIOException: Failed to parse mapping resource: 'URL [jar:file:/C:/Users/340096/.m2/repository/com/wzitech/7Bao/7Bao-manager/0.0.1-SNAPSHOT/7Bao-manager-0.0.1-SNAPSHOT.jar!/META-INF/mapper/ZbaoFundDetail.xml]'; nested exception is org.apache.ibatis.builder.BuilderException: Error creating document instance.  Cause: org.xml.sax.SAXParseException; lineNumber: 85; columnNumber: 5; 元素类型 "trim" 必须由匹配的结束标记 "</trim>" 终止。
	at org.mybatis.spring.SqlSessionFactoryBean.buildSqlSessionFactory(SqlSessionFactoryBean.java:412) ~[mybatis-spring-1.1.0.jar:1.1.0]
	at org.mybatis.spring.SqlSessionFactoryBean.afterPropertiesSet(SqlSessionFactoryBean.java:295) ~[mybatis-spring-1.1.0.jar:1.1.0]
	at org.springframework.beans.factory.support.AbstractAutowireCapableBeanFactory.invokeInitMethods(AbstractAutowireCapableBeanFactory.java:1514) ~[spring-beans-3.1.2.RELEASE.jar:3.1.2.RELEASE]
	at org.springframework.beans.factory.support.AbstractAutowireCapableBeanFactory.initializeBean(AbstractAutowireCapableBeanFactory.java:1452) ~[spring-beans-3.1.2.RELEASE.jar:3.1.2.RELEASE]
	... 72 common frames omitted
Caused by: org.apache.ibatis.builder.BuilderException: Error creating document instance.  Cause: org.xml.sax.SAXParseException; lineNumber: 85; columnNumber: 5; 元素类型 "trim" 必须由匹配的结束标记 "</trim>" 终止。
	at org.apache.ibatis.parsing.XPathParser.createDocument(XPathParser.java:253) ~[mybatis-3.1.0.jar:3.1.0]
	at org.apache.ibatis.parsing.XPathParser.<init>(XPathParser.java:122) ~[mybatis-3.1.0.jar:3.1.0]
	at org.apache.ibatis.builder.xml.XMLMapperBuilder.<init>(XMLMapperBuilder.java:74) ~[mybatis-3.1.0.jar:3.1.0]
	at org.mybatis.spring.SqlSessionFactoryBean.buildSqlSessionFactory(SqlSessionFactoryBean.java:408) ~[mybatis-spring-1.1.0.jar:1.1.0]
	... 75 common frames omitted
Caused by: org.xml.sax.SAXParseException: 元素类型 "trim" 必须由匹配的结束标记 "</trim>" 终止。
	at com.sun.org.apache.xerces.internal.util.ErrorHandlerWrapper.createSAXParseException(ErrorHandlerWrapper.java:203) ~[na:1.8.0_121]
	at com.sun.org.apache.xerces.internal.util.ErrorHandlerWrapper.fatalError(ErrorHandlerWrapper.java:177) ~[na:1.8.0_121]
	at com.sun.org.apache.xerces.internal.impl.XMLErrorReporter.reportError(XMLErrorReporter.java:400) ~[na:1.8.0_121]
	at com.sun.org.apache.xerces.internal.impl.XMLErrorReporter.reportError(XMLErrorReporter.java:327) ~[na:1.8.0_121]
	at com.sun.org.apache.xerces.internal.impl.XMLScanner.reportFatalError(XMLScanner.java:1472) ~[na:1.8.0_121]
	at com.sun.org.apache.xerces.internal.impl.XMLDocumentFragmentScannerImpl.scanEndElement(XMLDocumentFragmentScannerImpl.java:1749) ~[na:1.8.0_121]
	at com.sun.org.apache.xerces.internal.impl.XMLDocumentFragmentScannerImpl$FragmentContentDriver.next(XMLDocumentFragmentScannerImpl.java:2967) ~[na:1.8.0_121]
	at com.sun.org.apache.xerces.internal.impl.XMLDocumentScannerImpl.next(XMLDocumentScannerImpl.java:602) ~[na:1.8.0_121]
	at com.sun.org.apache.xerces.internal.impl.XMLDocumentFragmentScannerImpl.scanDocument(XMLDocumentFragmentScannerImpl.java:505) ~[na:1.8.0_121]
	at com.sun.org.apache.xerces.internal.parsers.XML11Configuration.parse(XML11Configuration.java:841) ~[na:1.8.0_121]
	at com.sun.org.apache.xerces.internal.parsers.XML11Configuration.parse(XML11Configuration.java:770) ~[na:1.8.0_121]
	at com.sun.org.apache.xerces.internal.parsers.XMLParser.parse(XMLParser.java:141) ~[na:1.8.0_121]
	at com.sun.org.apache.xerces.internal.parsers.DOMParser.parse(DOMParser.java:243) ~[na:1.8.0_121]
	at com.sun.org.apache.xerces.internal.jaxp.DocumentBuilderImpl.parse(DocumentBuilderImpl.java:339) ~[na:1.8.0_121]
	at org.apache.ibatis.parsing.XPathParser.createDocument(XPathParser.java:251) ~[mybatis-3.1.0.jar:3.1.0]
	... 78 common frames omitted
